2023-04-12 00:08:32.692101: I tensorflow/core/platform/cpu_feature_guard.cc:193] This TensorFlow binary is optimized with oneAPI Deep Neural Network Library (oneDNN) to use the following CPU instructions in performance-critical operations:  AVX AVX2
To enable them in other operations, rebuild TensorFlow with the appropriate compiler flags.
2023-04-12 00:08:33.987159: I tensorflow/core/common_runtime/gpu/gpu_device.cc:1532] Created device /job:localhost/replica:0/task:0/device:GPU:0 with 2145 MB memory:  -> device: 0, name: NVIDIA GeForce GTX 1650 Ti, pci bus id: 0000:01:00.0, compute capability: 7.5
Epoch 1/200
WARNING:tensorflow:Calling GradientTape.gradient on a persistent tape inside its context is significantly less efficient than calling it outside the context (it causes the gradient ops to be recorded on the tape, leading to increased CPU and memory usage). Only call GradientTape.gradient inside the context if you actually want to trace the gradient in order to compute higher order derivatives.
10000/10000 [==============================] - 1250s 119ms/step - loss: 0.0269 - diff_eq_loss_0: 0.0031 - ic_loss_0: 0.0053 - dirichlet_bc_loss_0: 0.0013 - neumann_bc_loss_0: 0.0015 - model_loss: 0.0104 - val_loss: 0.0092 - val_diff_eq_loss_0: 0.0041 - val_ic_loss_0: 0.0011 - val_dirichlet_bc_loss_0: 2.7691e-04 - val_neumann_bc_loss_0: 1.9778e-04 - val_model_loss: 0.0025
Epoch 2/200
10000/10000 [==============================] - 1269s 121ms/step - loss: 0.0037 - diff_eq_loss_0: 0.0011 - ic_loss_0: 4.0376e-04 - dirichlet_bc_loss_0: 6.4348e-05 - neumann_bc_loss_0: 2.8562e-05 - model_loss: 0.0016 - val_loss: 0.0028 - val_diff_eq_loss_0: 0.0012 - val_ic_loss_0: 4.5035e-04 - val_dirichlet_bc_loss_0: 4.5873e-05 - val_neumann_bc_loss_0: 3.2686e-05 - val_model_loss: 6.6756e-04
Epoch 3/200
10000/10000 [==============================] - 1269s 121ms/step - loss: 0.0016 - diff_eq_loss_0: 6.5448e-04 - ic_loss_0: 2.1971e-04 - dirichlet_bc_loss_0: 3.5408e-05 - neumann_bc_loss_0: 1.5724e-05 - model_loss: 4.0596e-04 - val_loss: 6.6817e-04 - val_diff_eq_loss_0: 1.9218e-04 - val_ic_loss_0: 8.5738e-05 - val_dirichlet_bc_loss_0: 1.1191e-05 - val_neumann_bc_loss_0: 1.0661e-05 - val_model_loss: 2.8266e-04
Epoch 4/200
10000/10000 [==============================] - 1267s 121ms/step - loss: 9.6809e-04 - diff_eq_loss_0: 4.2109e-04 - ic_loss_0: 1.4539e-04 - dirichlet_bc_loss_0: 2.1654e-05 - neumann_bc_loss_0: 9.7952e-06 - model_loss: 2.2476e-04 - val_loss: 2.8741e-04 - val_diff_eq_loss_0: 6.2652e-05 - val_ic_loss_0: 2.1814e-05 - val_dirichlet_bc_loss_0: 3.6123e-06 - val_neumann_bc_loss_0: 5.2518e-06 - val_model_loss: 1.7227e-04
Epoch 5/200
10000/10000 [==============================] - 1258s 120ms/step - loss: 7.4308e-04 - diff_eq_loss_0: 3.1640e-04 - ic_loss_0: 1.2144e-04 - dirichlet_bc_loss_0: 1.7526e-05 - neumann_bc_loss_0: 7.4164e-06 - model_loss: 1.5886e-04 - val_loss: 9.2536e-04 - val_diff_eq_loss_0: 2.5580e-04 - val_ic_loss_0: 2.4648e-04 - val_dirichlet_bc_loss_0: 4.6260e-05 - val_neumann_bc_loss_0: 3.7992e-06 - val_model_loss: 1.2655e-04
Epoch 6/200
10000/10000 [==============================] - 1250s 119ms/step - loss: 5.4843e-04 - diff_eq_loss_0: 2.3874e-04 - ic_loss_0: 8.7651e-05 - dirichlet_bc_loss_0: 1.2935e-05 - neumann_bc_loss_0: 5.0969e-06 - model_loss: 1.1635e-04 - val_loss: 0.0014 - val_diff_eq_loss_0: 0.0011 - val_ic_loss_0: 1.0049e-04 - val_dirichlet_bc_loss_0: 3.9641e-05 - val_neumann_bc_loss_0: 1.2952e-05 - val_model_loss: 1.0248e-04
Epoch 7/200
10000/10000 [==============================] - 1250s 119ms/step - loss: 4.4306e-04 - diff_eq_loss_0: 1.8925e-04 - ic_loss_0: 7.3021e-05 - dirichlet_bc_loss_0: 1.1455e-05 - neumann_bc_loss_0: 3.8240e-06 - model_loss: 9.2482e-05 - val_loss: 1.3389e-04 - val_diff_eq_loss_0: 2.3925e-05 - val_ic_loss_0: 1.2191e-05 - val_dirichlet_bc_loss_0: 3.9020e-06 - val_neumann_bc_loss_0: 2.6285e-06 - val_model_loss: 7.9051e-05
Epoch 8/200
10000/10000 [==============================] - 1283s 122ms/step - loss: 3.8352e-04 - diff_eq_loss_0: 1.6378e-04 - ic_loss_0: 6.4121e-05 - dirichlet_bc_loss_0: 1.1010e-05 - neumann_bc_loss_0: 3.3247e-06 - model_loss: 7.7167e-05 - val_loss: 1.7889e-04 - val_diff_eq_loss_0: 5.2872e-05 - val_ic_loss_0: 2.5096e-05 - val_dirichlet_bc_loss_0: 6.4028e-06 - val_neumann_bc_loss_0: 2.2151e-06 - val_model_loss: 6.7207e-05
Epoch 9/200
10000/10000 [==============================] - 1268s 121ms/step - loss: 3.3102e-04 - diff_eq_loss_0: 1.3785e-04 - ic_loss_0: 5.6907e-05 - dirichlet_bc_loss_0: 1.0013e-05 - neumann_bc_loss_0: 2.9084e-06 - model_loss: 6.6435e-05 - val_loss: 2.3734e-04 - val_diff_eq_loss_0: 9.3408e-05 - val_ic_loss_0: 3.8673e-05 - val_dirichlet_bc_loss_0: 5.0478e-06 - val_neumann_bc_loss_0: 2.0150e-06 - val_model_loss: 5.9519e-05
Epoch 10/200
10000/10000 [==============================] - 1279s 122ms/step - loss: 2.8481e-04 - diff_eq_loss_0: 1.1642e-04 - ic_loss_0: 4.9127e-05 - dirichlet_bc_loss_0: 9.2273e-06 - neumann_bc_loss_0: 2.6120e-06 - model_loss: 5.8291e-05 - val_loss: 1.1966e-04 - val_diff_eq_loss_0: 3.8909e-05 - val_ic_loss_0: 1.1646e-05 - val_dirichlet_bc_loss_0: 3.0373e-06 - val_neumann_bc_loss_0: 1.9038e-06 - val_model_loss: 5.2522e-05
Epoch 11/200
10000/10000 [==============================] - 1250s 119ms/step - loss: 2.5766e-04 - diff_eq_loss_0: 1.0096e-04 - ic_loss_0: 4.6480e-05 - dirichlet_bc_loss_0: 8.8004e-06 - neumann_bc_loss_0: 2.3083e-06 - model_loss: 5.2632e-05 - val_loss: 4.2305e-04 - val_diff_eq_loss_0: 2.7642e-04 - val_ic_loss_0: 2.3714e-05 - val_dirichlet_bc_loss_0: 4.6986e-05 - val_neumann_bc_loss_0: 3.1816e-06 - val_model_loss: 4.9035e-05
Epoch 12/200
10000/10000 [==============================] - 1269s 121ms/step - loss: 2.2383e-04 - diff_eq_loss_0: 8.7349e-05 - ic_loss_0: 3.9690e-05 - dirichlet_bc_loss_0: 7.9997e-06 - neumann_bc_loss_0: 2.0686e-06 - model_loss: 4.7029e-05 - val_loss: 2.9551e-04 - val_diff_eq_loss_0: 5.4637e-05 - val_ic_loss_0: 8.7853e-05 - val_dirichlet_bc_loss_0: 2.1514e-05 - val_neumann_bc_loss_0: 1.4922e-06 - val_model_loss: 4.2161e-05
Epoch 13/200
10000/10000 [==============================] - 1253s 119ms/step - loss: 2.0209e-04 - diff_eq_loss_0: 7.7098e-05 - ic_loss_0: 3.6506e-05 - dirichlet_bc_loss_0: 7.4795e-06 - neumann_bc_loss_0: 1.8182e-06 - model_loss: 4.2683e-05 - val_loss: 8.7479e-05 - val_diff_eq_loss_0: 2.6630e-05 - val_ic_loss_0: 8.4826e-06 - val_dirichlet_bc_loss_0: 3.5570e-06 - val_neumann_bc_loss_0: 1.4706e-06 - val_model_loss: 3.8857e-05
Epoch 14/200
10000/10000 [==============================] - 1275s 122ms/step - loss: 1.8039e-04 - diff_eq_loss_0: 6.5362e-05 - ic_loss_0: 3.3676e-05 - dirichlet_bc_loss_0: 7.0295e-06 - neumann_bc_loss_0: 1.5824e-06 - model_loss: 3.9066e-05 - val_loss: 6.4056e-05 - val_diff_eq_loss_0: 9.9548e-06 - val_ic_loss_0: 6.9517e-06 - val_dirichlet_bc_loss_0: 2.2571e-06 - val_neumann_bc_loss_0: 1.2622e-06 - val_model_loss: 3.6678e-05
Epoch 15/200
10000/10000 [==============================] - 1273s 121ms/step - loss: 1.6167e-04 - diff_eq_loss_0: 5.8346e-05 - ic_loss_0: 2.9753e-05 - dirichlet_bc_loss_0: 6.4250e-06 - neumann_bc_loss_0: 1.3825e-06 - model_loss: 3.6013e-05 - val_loss: 1.9859e-04 - val_diff_eq_loss_0: 1.9605e-05 - val_ic_loss_0: 6.5614e-05 - val_dirichlet_bc_loss_0: 1.3197e-05 - val_neumann_bc_loss_0: 1.1139e-06 - val_model_loss: 3.3446e-05
Epoch 16/200
10000/10000 [==============================] - 1270s 121ms/step - loss: 1.4969e-04 - diff_eq_loss_0: 5.3028e-05 - ic_loss_0: 2.7905e-05 - dirichlet_bc_loss_0: 6.1421e-06 - neumann_bc_loss_0: 1.2038e-06 - model_loss: 3.3501e-05 - val_loss: 6.3852e-05 - val_diff_eq_loss_0: 7.6796e-06 - val_ic_loss_0: 1.0980e-05 - val_dirichlet_bc_loss_0: 2.0204e-06 - val_neumann_bc_loss_0: 1.0253e-06 - val_model_loss: 3.1168e-05
Epoch 17/200
10000/10000 [==============================] - 1250s 119ms/step - loss: 1.3731e-04 - diff_eq_loss_0: 4.8256e-05 - ic_loss_0: 2.5541e-05 - dirichlet_bc_loss_0: 5.7735e-06 - neumann_bc_loss_0: 1.0594e-06 - model_loss: 3.1140e-05 - val_loss: 2.8236e-04 - val_diff_eq_loss_0: 7.9931e-05 - val_ic_loss_0: 8.0716e-05 - val_dirichlet_bc_loss_0: 1.1213e-05 - val_neumann_bc_loss_0: 8.5455e-07 - val_model_loss: 2.8932e-05
Epoch 18/200
10000/10000 [==============================] - 1265s 121ms/step - loss: 1.3193e-04 - diff_eq_loss_0: 4.4680e-05 - ic_loss_0: 2.5528e-05 - dirichlet_bc_loss_0: 5.7834e-06 - neumann_bc_loss_0: 9.2860e-07 - model_loss: 2.9483e-05 - val_loss: 4.9840e-05 - val_diff_eq_loss_0: 8.9630e-06 - val_ic_loss_0: 4.8934e-06 - val_dirichlet_bc_loss_0: 2.8001e-06 - val_neumann_bc_loss_0: 7.8595e-07 - val_model_loss: 2.7504e-05
Epoch 19/200
10000/10000 [==============================] - 1263s 120ms/step - loss: 1.1888e-04 - diff_eq_loss_0: 4.0699e-05 - ic_loss_0: 2.2311e-05 - dirichlet_bc_loss_0: 5.2409e-06 - neumann_bc_loss_0: 8.1236e-07 - model_loss: 2.7511e-05 - val_loss: 4.6482e-05 - val_diff_eq_loss_0: 1.0273e-05 - val_ic_loss_0: 4.0559e-06 - val_dirichlet_bc_loss_0: 1.7098e-06 - val_neumann_bc_loss_0: 6.8208e-07 - val_model_loss: 2.5705e-05
Epoch 20/200
10000/10000 [==============================] - 1257s 120ms/step - loss: 1.0738e-04 - diff_eq_loss_0: 3.5391e-05 - ic_loss_0: 2.0379e-05 - dirichlet_bc_loss_0: 4.8211e-06 - neumann_bc_loss_0: 6.8805e-07 - model_loss: 2.5717e-05 - val_loss: 4.8559e-05 - val_diff_eq_loss_0: 1.1376e-05 - val_ic_loss_0: 5.3414e-06 - val_dirichlet_bc_loss_0: 1.8249e-06 - val_neumann_bc_loss_0: 5.6249e-07 - val_model_loss: 2.4112e-05
Epoch 21/200
10000/10000 [==============================] - 1270s 121ms/step - loss: 9.9050e-05 - diff_eq_loss_0: 3.1476e-05 - ic_loss_0: 1.9044e-05 - dirichlet_bc_loss_0: 4.6526e-06 - neumann_bc_loss_0: 6.0200e-07 - model_loss: 2.4231e-05 - val_loss: 8.8097e-05 - val_diff_eq_loss_0: 3.9786e-05 - val_ic_loss_0: 9.7229e-06 - val_dirichlet_bc_loss_0: 5.5721e-06 - val_neumann_bc_loss_0: 5.1034e-07 - val_model_loss: 2.2782e-05
Epoch 22/200
10000/10000 [==============================] - 1264s 120ms/step - loss: 9.1685e-05 - diff_eq_loss_0: 2.8541e-05 - ic_loss_0: 1.7700e-05 - dirichlet_bc_loss_0: 4.3979e-06 - neumann_bc_loss_0: 5.2864e-07 - model_loss: 2.2818e-05 - val_loss: 5.1449e-05 - val_diff_eq_loss_0: 1.5760e-05 - val_ic_loss_0: 5.9726e-06 - val_dirichlet_bc_loss_0: 1.8132e-06 - val_neumann_bc_loss_0: 4.6377e-07 - val_model_loss: 2.1466e-05
Epoch 23/200
10000/10000 [==============================] - 1270s 121ms/step - loss: 9.1646e-05 - diff_eq_loss_0: 2.8540e-05 - ic_loss_0: 1.8178e-05 - dirichlet_bc_loss_0: 4.5256e-06 - neumann_bc_loss_0: 4.9064e-07 - model_loss: 2.1734e-05 - val_loss: 8.4784e-05 - val_diff_eq_loss_0: 2.0334e-05 - val_ic_loss_0: 1.7825e-05 - val_dirichlet_bc_loss_0: 7.7248e-06 - val_neumann_bc_loss_0: 4.7429e-07 - val_model_loss: 2.0602e-05
Epoch 24/200
10000/10000 [==============================] - 1273s 121ms/step - loss: 8.2295e-05 - diff_eq_loss_0: 2.6008e-05 - ic_loss_0: 1.5630e-05 - dirichlet_bc_loss_0: 3.9743e-06 - neumann_bc_loss_0: 4.3196e-07 - model_loss: 2.0621e-05 - val_loss: 7.8133e-05 - val_diff_eq_loss_0: 9.6575e-06 - val_ic_loss_0: 2.1673e-05 - val_dirichlet_bc_loss_0: 5.3490e-06 - val_neumann_bc_loss_0: 3.8641e-07 - val_model_loss: 1.9394e-05
Epoch 25/200
10000/10000 [==============================] - 1260s 120ms/step - loss: 7.6717e-05 - diff_eq_loss_0: 2.3198e-05 - ic_loss_0: 1.4875e-05 - dirichlet_bc_loss_0: 3.8600e-06 - neumann_bc_loss_0: 3.9414e-07 - model_loss: 1.9514e-05 - val_loss: 4.9312e-05 - val_diff_eq_loss_0: 7.9117e-06 - val_ic_loss_0: 9.0822e-06 - val_dirichlet_bc_loss_0: 4.3577e-06 - val_neumann_bc_loss_0: 3.3685e-07 - val_model_loss: 1.8542e-05
Epoch 26/200
10000/10000 [==============================] - 1273s 121ms/step - loss: 7.3736e-05 - diff_eq_loss_0: 2.2706e-05 - ic_loss_0: 1.4198e-05 - dirichlet_bc_loss_0: 3.7014e-06 - neumann_bc_loss_0: 3.7417e-07 - model_loss: 1.8558e-05 - val_loss: 3.3649e-04 - val_diff_eq_loss_0: 4.0293e-05 - val_ic_loss_0: 1.2859e-04 - val_dirichlet_bc_loss_0: 2.1035e-05 - val_neumann_bc_loss_0: 3.3870e-07 - val_model_loss: 1.7654e-05
Epoch 27/200
10000/10000 [==============================] - 1261s 120ms/step - loss: 6.7668e-05 - diff_eq_loss_0: 1.9973e-05 - ic_loss_0: 1.3093e-05 - dirichlet_bc_loss_0: 3.5037e-06 - neumann_bc_loss_0: 3.3740e-07 - model_loss: 1.7668e-05 - val_loss: 3.1256e-05 - val_diff_eq_loss_0: 6.5939e-06 - val_ic_loss_0: 3.2526e-06 - val_dirichlet_bc_loss_0: 1.1387e-06 - val_neumann_bc_loss_0: 2.8145e-07 - val_model_loss: 1.6737e-05
Epoch 28/200
10000/10000 [==============================] - 1286s 123ms/step - loss: 6.3175e-05 - diff_eq_loss_0: 1.8032e-05 - ic_loss_0: 1.2321e-05 - dirichlet_bc_loss_0: 3.3462e-06 - neumann_bc_loss_0: 3.1669e-07 - model_loss: 1.6838e-05 - val_loss: 4.6927e-05 - val_diff_eq_loss_0: 1.1304e-05 - val_ic_loss_0: 8.6854e-06 - val_dirichlet_bc_loss_0: 2.0013e-06 - val_neumann_bc_loss_0: 2.6612e-07 - val_model_loss: 1.5985e-05
Epoch 29/200
10000/10000 [==============================] - 1278s 122ms/step - loss: 6.1555e-05 - diff_eq_loss_0: 1.8436e-05 - ic_loss_0: 1.1776e-05 - dirichlet_bc_loss_0: 3.1938e-06 - neumann_bc_loss_0: 3.0308e-07 - model_loss: 1.6070e-05 - val_loss: 1.3484e-04 - val_diff_eq_loss_0: 1.3076e-05 - val_ic_loss_0: 4.8762e-05 - val_dirichlet_bc_loss_0: 8.6720e-06 - val_neumann_bc_loss_0: 3.1181e-07 - val_model_loss: 1.5251e-05
Epoch 30/200
10000/10000 [==============================] - 1276s 122ms/step - loss: 5.6410e-05 - diff_eq_loss_0: 1.5988e-05 - ic_loss_0: 1.0858e-05 - dirichlet_bc_loss_0: 3.0527e-06 - neumann_bc_loss_0: 2.8495e-07 - model_loss: 1.5369e-05 - val_loss: 2.5806e-05 - val_diff_eq_loss_0: 3.5435e-06 - val_ic_loss_0: 3.1718e-06 - val_dirichlet_bc_loss_0: 1.1025e-06 - val_neumann_bc_loss_0: 2.2828e-07 - val_model_loss: 1.4588e-05
Epoch 31/200
10000/10000 [==============================] - 1267s 121ms/step - loss: 5.5079e-05 - diff_eq_loss_0: 1.6254e-05 - ic_loss_0: 1.0442e-05 - dirichlet_bc_loss_0: 2.9323e-06 - neumann_bc_loss_0: 2.7922e-07 - model_loss: 1.4729e-05 - val_loss: 4.7925e-05 - val_diff_eq_loss_0: 9.0898e-06 - val_ic_loss_0: 1.1233e-05 - val_dirichlet_bc_loss_0: 2.1818e-06 - val_neumann_bc_loss_0: 2.3432e-07 - val_model_loss: 1.3953e-05
Epoch 32/200
10000/10000 [==============================] - 1264s 120ms/step - loss: 5.2045e-05 - diff_eq_loss_0: 1.5218e-05 - ic_loss_0: 9.8213e-06 - dirichlet_bc_loss_0: 2.8066e-06 - neumann_bc_loss_0: 2.6631e-07 - model_loss: 1.4111e-05 - val_loss: 2.6497e-05 - val_diff_eq_loss_0: 2.9708e-06 - val_ic_loss_0: 4.3724e-06 - val_dirichlet_bc_loss_0: 1.1696e-06 - val_neumann_bc_loss_0: 2.1972e-07 - val_model_loss: 1.3393e-05
Epoch 33/200
10000/10000 [==============================] - 1252s 119ms/step - loss: 4.8678e-05 - diff_eq_loss_0: 1.3672e-05 - ic_loss_0: 9.2642e-06 - dirichlet_bc_loss_0: 2.6989e-06 - neumann_bc_loss_0: 2.5275e-07 - model_loss: 1.3527e-05 - val_loss: 5.0755e-05 - val_diff_eq_loss_0: 2.4787e-05 - val_ic_loss_0: 5.8913e-06 - val_dirichlet_bc_loss_0: 9.8681e-07 - val_neumann_bc_loss_0: 2.4865e-07 - val_model_loss: 1.2950e-05
Epoch 34/200
10000/10000 [==============================] - 1259s 120ms/step - loss: 4.4662e-05 - diff_eq_loss_0: 1.1828e-05 - ic_loss_0: 8.5482e-06 - dirichlet_bc_loss_0: 2.5391e-06 - neumann_bc_loss_0: 2.4266e-07 - model_loss: 1.2956e-05 - val_loss: 4.2756e-05 - val_diff_eq_loss_0: 6.7225e-06 - val_ic_loss_0: 1.0752e-05 - val_dirichlet_bc_loss_0: 1.9999e-06 - val_neumann_bc_loss_0: 2.2316e-07 - val_model_loss: 1.2306e-05
Epoch 35/200
10000/10000 [==============================] - 1270s 121ms/step - loss: 4.2638e-05 - diff_eq_loss_0: 1.1029e-05 - ic_loss_0: 8.2363e-06 - dirichlet_bc_loss_0: 2.4625e-06 - neumann_bc_loss_0: 2.3654e-07 - model_loss: 1.2438e-05 - val_loss: 2.1447e-05 - val_diff_eq_loss_0: 3.7682e-06 - val_ic_loss_0: 2.2915e-06 - val_dirichlet_bc_loss_0: 1.0407e-06 - val_neumann_bc_loss_0: 2.0159e-07 - val_model_loss: 1.1854e-05
Epoch 36/200
10000/10000 [==============================] - 1260s 120ms/step - loss: 4.0652e-05 - diff_eq_loss_0: 1.0758e-05 - ic_loss_0: 7.6908e-06 - dirichlet_bc_loss_0: 2.3438e-06 - neumann_bc_loss_0: 2.3043e-07 - model_loss: 1.1939e-05 - val_loss: 3.9028e-05 - val_diff_eq_loss_0: 1.4183e-05 - val_ic_loss_0: 5.3165e-06 - val_dirichlet_bc_loss_0: 2.6285e-06 - val_neumann_bc_loss_0: 1.9361e-07 - val_model_loss: 1.1390e-05
Epoch 37/200
10000/10000 [==============================] - 1250s 119ms/step - loss: 3.9468e-05 - diff_eq_loss_0: 1.0671e-05 - ic_loss_0: 7.4033e-06 - dirichlet_bc_loss_0: 2.2759e-06 - neumann_bc_loss_0: 2.2461e-07 - model_loss: 1.1490e-05 - val_loss: 8.8132e-05 - val_diff_eq_loss_0: 6.4492e-05 - val_ic_loss_0: 5.3496e-06 - val_dirichlet_bc_loss_0: 1.7535e-06 - val_neumann_bc_loss_0: 2.1312e-07 - val_model_loss: 1.0975e-05
Epoch 38/200
10000/10000 [==============================] - 1270s 121ms/step - loss: 3.7848e-05 - diff_eq_loss_0: 1.0329e-05 - ic_loss_0: 7.0196e-06 - dirichlet_bc_loss_0: 2.1833e-06 - neumann_bc_loss_0: 2.2043e-07 - model_loss: 1.1076e-05 - val_loss: 1.9747e-05 - val_diff_eq_loss_0: 3.2731e-06 - val_ic_loss_0: 2.2993e-06 - val_dirichlet_bc_loss_0: 1.1130e-06 - val_neumann_bc_loss_0: 1.8881e-07 - val_model_loss: 1.0573e-05
Epoch 39/200
10000/10000 [==============================] - 1250s 119ms/step - loss: 3.5510e-05 - diff_eq_loss_0: 9.0622e-06 - ic_loss_0: 6.7095e-06 - dirichlet_bc_loss_0: 2.1249e-06 - neumann_bc_loss_0: 2.1420e-07 - model_loss: 1.0690e-05 - val_loss: 4.4642e-05 - val_diff_eq_loss_0: 2.8874e-05 - val_ic_loss_0: 2.1961e-06 - val_dirichlet_bc_loss_0: 8.5705e-07 - val_neumann_bc_loss_0: 2.1010e-07 - val_model_loss: 1.0309e-05
Epoch 40/200
10000/10000 [==============================] - 1259s 120ms/step - loss: 3.3379e-05 - diff_eq_loss_0: 8.3022e-06 - ic_loss_0: 6.2703e-06 - dirichlet_bc_loss_0: 2.0158e-06 - neumann_bc_loss_0: 2.0816e-07 - model_loss: 1.0312e-05 - val_loss: 6.4794e-05 - val_diff_eq_loss_0: 7.6288e-06 - val_ic_loss_0: 2.1026e-05 - val_dirichlet_bc_loss_0: 5.0339e-06 - val_neumann_bc_loss_0: 1.9818e-07 - val_model_loss: 9.8808e-06
Epoch 41/200
10000/10000 [==============================] - 1250s 119ms/step - loss: 3.2204e-05 - diff_eq_loss_0: 8.1038e-06 - ic_loss_0: 6.0019e-06 - dirichlet_bc_loss_0: 1.9421e-06 - neumann_bc_loss_0: 2.0330e-07 - model_loss: 9.9510e-06 - val_loss: 4.7138e-05 - val_diff_eq_loss_0: 1.7243e-05 - val_ic_loss_0: 9.0319e-06 - val_dirichlet_bc_loss_0: 2.1452e-06 - val_neumann_bc_loss_0: 1.8352e-07 - val_model_loss: 9.5031e-06
Epoch 42/200
10000/10000 [==============================] - 1250s 119ms/step - loss: 3.0809e-05 - diff_eq_loss_0: 7.6661e-06 - ic_loss_0: 5.7236e-06 - dirichlet_bc_loss_0: 1.8745e-06 - neumann_bc_loss_0: 1.9864e-07 - model_loss: 9.6220e-06 - val_loss: 1.7423e-05 - val_diff_eq_loss_0: 2.3759e-06 - val_ic_loss_0: 2.3994e-06 - val_dirichlet_bc_loss_0: 8.8955e-07 - val_neumann_bc_loss_0: 1.6531e-07 - val_model_loss: 9.1936e-06
Epoch 43/200
10000/10000 [==============================] - 1250s 119ms/step - loss: 2.9662e-05 - diff_eq_loss_0: 7.3738e-06 - ic_loss_0: 5.4815e-06 - dirichlet_bc_loss_0: 1.8246e-06 - neumann_bc_loss_0: 1.9317e-07 - model_loss: 9.3072e-06 - val_loss: 2.5817e-05 - val_diff_eq_loss_0: 2.2200e-06 - val_ic_loss_0: 6.4889e-06 - val_dirichlet_bc_loss_0: 1.5412e-06 - val_neumann_bc_loss_0: 1.6820e-07 - val_model_loss: 8.9095e-06
Epoch 44/200
10000/10000 [==============================] - 1257s 120ms/step - loss: 2.7685e-05 - diff_eq_loss_0: 6.4557e-06 - ic_loss_0: 5.1449e-06 - dirichlet_bc_loss_0: 1.7432e-06 - neumann_bc_loss_0: 1.8863e-07 - model_loss: 9.0077e-06 - val_loss: 1.9357e-05 - val_diff_eq_loss_0: 3.1958e-06 - val_ic_loss_0: 2.8269e-06 - val_dirichlet_bc_loss_0: 1.7147e-06 - val_neumann_bc_loss_0: 1.8339e-07 - val_model_loss: 8.6095e-06
Epoch 45/200
10000/10000 [==============================] - 1263s 120ms/step - loss: 2.6704e-05 - diff_eq_loss_0: 6.2582e-06 - ic_loss_0: 4.9296e-06 - dirichlet_bc_loss_0: 1.6853e-06 - neumann_bc_loss_0: 1.8400e-07 - model_loss: 8.7168e-06 - val_loss: 1.6792e-05 - val_diff_eq_loss_0: 4.4632e-06 - val_ic_loss_0: 1.5210e-06 - val_dirichlet_bc_loss_0: 7.8267e-07 - val_neumann_bc_loss_0: 1.6964e-07 - val_model_loss: 8.3349e-06
Epoch 46/200
10000/10000 [==============================] - 1253s 119ms/step - loss: 2.5984e-05 - diff_eq_loss_0: 6.2674e-06 - ic_loss_0: 4.7241e-06 - dirichlet_bc_loss_0: 1.6366e-06 - neumann_bc_loss_0: 1.8042e-07 - model_loss: 8.4512e-06 - val_loss: 1.5659e-05 - val_diff_eq_loss_0: 1.8438e-06 - val_ic_loss_0: 2.1657e-06 - val_dirichlet_bc_loss_0: 1.2238e-06 - val_neumann_bc_loss_0: 1.6294e-07 - val_model_loss: 8.0971e-06
Epoch 47/200
10000/10000 [==============================] - 1263s 120ms/step - loss: 2.4874e-05 - diff_eq_loss_0: 5.7078e-06 - ic_loss_0: 4.5962e-06 - dirichlet_bc_loss_0: 1.6011e-06 - neumann_bc_loss_0: 1.7614e-07 - model_loss: 8.1965e-06 - val_loss: 1.3111e-05 - val_diff_eq_loss_0: 1.3933e-06 - val_ic_loss_0: 1.5084e-06 - val_dirichlet_bc_loss_0: 6.7829e-07 - val_neumann_bc_loss_0: 1.5358e-07 - val_model_loss: 7.8694e-06
Epoch 48/200
10000/10000 [==============================] - 1256s 120ms/step - loss: 2.4071e-05 - diff_eq_loss_0: 5.7948e-06 - ic_loss_0: 4.3067e-06 - dirichlet_bc_loss_0: 1.5269e-06 - neumann_bc_loss_0: 1.7227e-07 - model_loss: 7.9639e-06 - val_loss: 1.2647e-05 - val_diff_eq_loss_0: 1.8114e-06 - val_ic_loss_0: 1.1730e-06 - val_dirichlet_bc_loss_0: 6.9614e-07 - val_neumann_bc_loss_0: 1.4999e-07 - val_model_loss: 7.6435e-06
Epoch 49/200
10000/10000 [==============================] - 1273s 121ms/step - loss: 2.3026e-05 - diff_eq_loss_0: 5.3998e-06 - ic_loss_0: 4.1193e-06 - dirichlet_bc_loss_0: 1.4811e-06 - neumann_bc_loss_0: 1.6787e-07 - model_loss: 7.7387e-06 - val_loss: 1.8607e-05 - val_diff_eq_loss_0: 1.4866e-06 - val_ic_loss_0: 4.2099e-06 - val_dirichlet_bc_loss_0: 1.1360e-06 - val_neumann_bc_loss_0: 1.4751e-07 - val_model_loss: 7.4170e-06
Epoch 50/200
10000/10000 [==============================] - 1254s 119ms/step - loss: 2.1832e-05 - diff_eq_loss_0: 4.8087e-06 - ic_loss_0: 3.9479e-06 - dirichlet_bc_loss_0: 1.4410e-06 - neumann_bc_loss_0: 1.6422e-07 - model_loss: 7.5223e-06 - val_loss: 1.2636e-05 - val_diff_eq_loss_0: 2.3810e-06 - val_ic_loss_0: 1.0571e-06 - val_dirichlet_bc_loss_0: 7.9264e-07 - val_neumann_bc_loss_0: 1.4338e-07 - val_model_loss: 7.2050e-06
Epoch 51/200
10000/10000 [==============================] - 1250s 119ms/step - loss: 2.1238e-05 - diff_eq_loss_0: 4.8857e-06 - ic_loss_0: 3.7452e-06 - dirichlet_bc_loss_0: 1.3953e-06 - neumann_bc_loss_0: 1.6020e-07 - model_loss: 7.3064e-06 - val_loss: 1.1581e-05 - val_diff_eq_loss_0: 1.6563e-06 - val_ic_loss_0: 1.0531e-06 - val_dirichlet_bc_loss_0: 6.6935e-07 - val_neumann_bc_loss_0: 1.4633e-07 - val_model_loss: 7.0026e-06
Epoch 52/200
10000/10000 [==============================] - 1288s 123ms/step - loss: 2.0505e-05 - diff_eq_loss_0: 4.6127e-06 - ic_loss_0: 3.6361e-06 - dirichlet_bc_loss_0: 1.3493e-06 - neumann_bc_loss_0: 1.5737e-07 - model_loss: 7.1136e-06 - val_loss: 1.3816e-05 - val_diff_eq_loss_0: 1.3434e-06 - val_ic_loss_0: 2.2634e-06 - val_dirichlet_bc_loss_0: 9.8513e-07 - val_neumann_bc_loss_0: 1.4036e-07 - val_model_loss: 6.8199e-06
Epoch 53/200
10000/10000 [==============================] - 1256s 120ms/step - loss: 1.9550e-05 - diff_eq_loss_0: 4.2584e-06 - ic_loss_0: 3.4530e-06 - dirichlet_bc_loss_0: 1.3097e-06 - neumann_bc_loss_0: 1.5293e-07 - model_loss: 6.9233e-06 - val_loss: 3.2521e-05 - val_diff_eq_loss_0: 2.1697e-05 - val_ic_loss_0: 1.5728e-06 - val_dirichlet_bc_loss_0: 8.4486e-07 - val_neumann_bc_loss_0: 1.6258e-07 - val_model_loss: 6.6708e-06
Epoch 54/200
10000/10000 [==============================] - 1254s 119ms/step - loss: 1.8497e-05 - diff_eq_loss_0: 3.8511e-06 - ic_loss_0: 3.2509e-06 - dirichlet_bc_loss_0: 1.2586e-06 - neumann_bc_loss_0: 1.4937e-07 - model_loss: 6.7367e-06 - val_loss: 1.5568e-05 - val_diff_eq_loss_0: 3.5386e-06 - val_ic_loss_0: 2.1721e-06 - val_dirichlet_bc_loss_0: 1.0803e-06 - val_neumann_bc_loss_0: 1.4996e-07 - val_model_loss: 6.4546e-06
Epoch 55/200
10000/10000 [==============================] - 1266s 121ms/step - loss: 1.8042e-05 - diff_eq_loss_0: 3.7891e-06 - ic_loss_0: 3.1590e-06 - dirichlet_bc_loss_0: 1.2289e-06 - neumann_bc_loss_0: 1.4621e-07 - model_loss: 6.5602e-06 - val_loss: 1.1775e-05 - val_diff_eq_loss_0: 1.4522e-06 - val_ic_loss_0: 1.5833e-06 - val_dirichlet_bc_loss_0: 7.1913e-07 - val_neumann_bc_loss_0: 1.2990e-07 - val_model_loss: 6.3068e-06
Epoch 56/200
10000/10000 [==============================] - 1250s 119ms/step - loss: 1.7179e-05 - diff_eq_loss_0: 3.4498e-06 - ic_loss_0: 3.0035e-06 - dirichlet_bc_loss_0: 1.1881e-06 - neumann_bc_loss_0: 1.4286e-07 - model_loss: 6.3914e-06 - val_loss: 1.2366e-05 - val_diff_eq_loss_0: 1.4875e-06 - val_ic_loss_0: 1.8102e-06 - val_dirichlet_bc_loss_0: 9.9041e-07 - val_neumann_bc_loss_0: 1.2998e-07 - val_model_loss: 6.1383e-06
Epoch 57/200
10000/10000 [==============================] - 1259s 120ms/step - loss: 1.6818e-05 - diff_eq_loss_0: 3.5027e-06 - ic_loss_0: 2.8945e-06 - dirichlet_bc_loss_0: 1.1541e-06 - neumann_bc_loss_0: 1.3984e-07 - model_loss: 6.2324e-06 - val_loss: 1.9355e-05 - val_diff_eq_loss_0: 7.4263e-06 - val_ic_loss_0: 2.4902e-06 - val_dirichlet_bc_loss_0: 8.3668e-07 - val_neumann_bc_loss_0: 1.2380e-07 - val_model_loss: 5.9880e-06
Epoch 58/200
10000/10000 [==============================] - 1276s 122ms/step - loss: 1.6260e-05 - diff_eq_loss_0: 3.3498e-06 - ic_loss_0: 2.7824e-06 - dirichlet_bc_loss_0: 1.1278e-06 - neumann_bc_loss_0: 1.3656e-07 - model_loss: 6.0813e-06 - val_loss: 9.3813e-06 - val_diff_eq_loss_0: 1.0737e-06 - val_ic_loss_0: 8.7931e-07 - val_dirichlet_bc_loss_0: 5.7706e-07 - val_neumann_bc_loss_0: 1.3097e-07 - val_model_loss: 5.8409e-06
Epoch 59/200
10000/10000 [==============================] - 1268s 121ms/step - loss: 1.5710e-05 - diff_eq_loss_0: 3.2372e-06 - ic_loss_0: 2.6547e-06 - dirichlet_bc_loss_0: 1.0920e-06 - neumann_bc_loss_0: 1.3386e-07 - model_loss: 5.9377e-06 - val_loss: 2.4617e-05 - val_diff_eq_loss_0: 1.0507e-06 - val_ic_loss_0: 7.7384e-06 - val_dirichlet_bc_loss_0: 2.2633e-06 - val_neumann_bc_loss_0: 1.1860e-07 - val_model_loss: 5.7079e-06
Epoch 60/200
10000/10000 [==============================] - 1255s 119ms/step - loss: 1.5072e-05 - diff_eq_loss_0: 2.9758e-06 - ic_loss_0: 2.5541e-06 - dirichlet_bc_loss_0: 1.0618e-06 - neumann_bc_loss_0: 1.3075e-07 - model_loss: 5.7956e-06 - val_loss: 1.1537e-05 - val_diff_eq_loss_0: 2.1704e-06 - val_ic_loss_0: 1.4484e-06 - val_dirichlet_bc_loss_0: 7.7848e-07 - val_neumann_bc_loss_0: 1.1825e-07 - val_model_loss: 5.5727e-06
Epoch 61/200
10000/10000 [==============================] - 1255s 120ms/step - loss: 1.4650e-05 - diff_eq_loss_0: 2.9509e-06 - ic_loss_0: 2.4400e-06 - dirichlet_bc_loss_0: 1.0282e-06 - neumann_bc_loss_0: 1.2783e-07 - model_loss: 5.6630e-06 - val_loss: 1.2089e-05 - val_diff_eq_loss_0: 1.9301e-06 - val_ic_loss_0: 1.7735e-06 - val_dirichlet_bc_loss_0: 1.0564e-06 - val_neumann_bc_loss_0: 1.1814e-07 - val_model_loss: 5.4374e-06
Epoch 62/200
10000/10000 [==============================] - 1251s 119ms/step - loss: 1.4227e-05 - diff_eq_loss_0: 2.8437e-06 - ic_loss_0: 2.3568e-06 - dirichlet_bc_loss_0: 1.0087e-06 - neumann_bc_loss_0: 1.2553e-07 - model_loss: 5.5352e-06 - val_loss: 1.5966e-05 - val_diff_eq_loss_0: 3.4189e-06 - val_ic_loss_0: 3.0917e-06 - val_dirichlet_bc_loss_0: 9.2708e-07 - val_neumann_bc_loss_0: 1.1491e-07 - val_model_loss: 5.3217e-06
Epoch 63/200
10000/10000 [==============================] - 1264s 120ms/step - loss: 1.3581e-05 - diff_eq_loss_0: 2.5822e-06 - ic_loss_0: 2.2441e-06 - dirichlet_bc_loss_0: 9.7624e-07 - neumann_bc_loss_0: 1.2279e-07 - model_loss: 5.4117e-06 - val_loss: 1.0722e-05 - val_diff_eq_loss_0: 1.2488e-06 - val_ic_loss_0: 1.7075e-06 - val_dirichlet_bc_loss_0: 7.4542e-07 - val_neumann_bc_loss_0: 1.1101e-07 - val_model_loss: 5.2019e-06
Epoch 64/200
10000/10000 [==============================] - 1254s 119ms/step - loss: 1.3479e-05 - diff_eq_loss_0: 2.7374e-06 - ic_loss_0: 2.1854e-06 - dirichlet_bc_loss_0: 9.5397e-07 - neumann_bc_loss_0: 1.2048e-07 - model_loss: 5.2962e-06 - val_loss: 9.3328e-06 - val_diff_eq_loss_0: 1.9528e-06 - val_ic_loss_0: 8.1201e-07 - val_dirichlet_bc_loss_0: 5.5102e-07 - val_neumann_bc_loss_0: 1.0702e-07 - val_model_loss: 5.0979e-06
Epoch 65/200
10000/10000 [==============================] - 1250s 119ms/step - loss: 1.2766e-05 - diff_eq_loss_0: 2.3907e-06 - ic_loss_0: 2.0729e-06 - dirichlet_bc_loss_0: 9.2760e-07 - neumann_bc_loss_0: 1.1780e-07 - model_loss: 5.1839e-06 - val_loss: 1.3764e-05 - val_diff_eq_loss_0: 3.1748e-06 - val_ic_loss_0: 2.3952e-06 - val_dirichlet_bc_loss_0: 6.8708e-07 - val_neumann_bc_loss_0: 1.1439e-07 - val_model_loss: 4.9973e-06
Epoch 66/200
10000/10000 [==============================] - 1250s 119ms/step - loss: 1.2463e-05 - diff_eq_loss_0: 2.3752e-06 - ic_loss_0: 1.9974e-06 - dirichlet_bc_loss_0: 9.0250e-07 - neumann_bc_loss_0: 1.1519e-07 - model_loss: 5.0756e-06 - val_loss: 7.9453e-06 - val_diff_eq_loss_0: 1.0651e-06 - val_ic_loss_0: 6.9142e-07 - val_dirichlet_bc_loss_0: 5.1079e-07 - val_neumann_bc_loss_0: 1.0438e-07 - val_model_loss: 4.8821e-06
Epoch 67/200
10000/10000 [==============================] - 1253s 119ms/step - loss: 1.1975e-05 - diff_eq_loss_0: 2.1923e-06 - ic_loss_0: 1.9100e-06 - dirichlet_bc_loss_0: 8.7954e-07 - neumann_bc_loss_0: 1.1304e-07 - model_loss: 4.9697e-06 - val_loss: 1.2357e-05 - val_diff_eq_loss_0: 1.2912e-06 - val_ic_loss_0: 2.6118e-06 - val_dirichlet_bc_loss_0: 9.5042e-07 - val_neumann_bc_loss_0: 1.0180e-07 - val_model_loss: 4.7903e-06
Epoch 68/200
10000/10000 [==============================] - 1255s 119ms/step - loss: 1.1782e-05 - diff_eq_loss_0: 2.2534e-06 - ic_loss_0: 1.8462e-06 - dirichlet_bc_loss_0: 8.5765e-07 - neumann_bc_loss_0: 1.1080e-07 - model_loss: 4.8672e-06 - val_loss: 7.4357e-06 - val_diff_eq_loss_0: 8.1222e-07 - val_ic_loss_0: 6.6419e-07 - val_dirichlet_bc_loss_0: 5.0785e-07 - val_neumann_bc_loss_0: 1.0691e-07 - val_model_loss: 4.6804e-06
Epoch 69/200
10000/10000 [==============================] - 1256s 120ms/step - loss: 1.1289e-05 - diff_eq_loss_0: 2.0304e-06 - ic_loss_0: 1.7715e-06 - dirichlet_bc_loss_0: 8.3629e-07 - neumann_bc_loss_0: 1.0851e-07 - model_loss: 4.7709e-06 - val_loss: 1.0259e-05 - val_diff_eq_loss_0: 3.1287e-06 - val_ic_loss_0: 9.6354e-07 - val_dirichlet_bc_loss_0: 5.0964e-07 - val_neumann_bc_loss_0: 9.7867e-08 - val_model_loss: 4.5960e-06
Epoch 70/200
10000/10000 [==============================] - 1252s 119ms/step - loss: 1.1003e-05 - diff_eq_loss_0: 1.9782e-06 - ic_loss_0: 1.7120e-06 - dirichlet_bc_loss_0: 8.1606e-07 - neumann_bc_loss_0: 1.0650e-07 - model_loss: 4.6783e-06 - val_loss: 9.1317e-06 - val_diff_eq_loss_0: 1.9735e-06 - val_ic_loss_0: 9.5297e-07 - val_dirichlet_bc_loss_0: 6.5324e-07 - val_neumann_bc_loss_0: 9.7018e-08 - val_model_loss: 4.5020e-06
Epoch 71/200
10000/10000 [==============================] - 1254s 119ms/step - loss: 1.0739e-05 - diff_eq_loss_0: 1.9681e-06 - ic_loss_0: 1.6408e-06 - dirichlet_bc_loss_0: 7.9507e-07 - neumann_bc_loss_0: 1.0429e-07 - model_loss: 4.5900e-06 - val_loss: 8.9012e-06 - val_diff_eq_loss_0: 2.0740e-06 - val_ic_loss_0: 9.0991e-07 - val_dirichlet_bc_loss_0: 4.8783e-07 - val_neumann_bc_loss_0: 1.0230e-07 - val_model_loss: 4.4173e-06
Epoch 72/200
10000/10000 [==============================] - 1267s 121ms/step - loss: 1.0464e-05 - diff_eq_loss_0: 1.9066e-06 - ic_loss_0: 1.5876e-06 - dirichlet_bc_loss_0: 7.7632e-07 - neumann_bc_loss_0: 1.0219e-07 - model_loss: 4.5035e-06 - val_loss: 1.1625e-05 - val_diff_eq_loss_0: 4.3020e-06 - val_ic_loss_0: 1.1831e-06 - val_dirichlet_bc_loss_0: 5.1874e-07 - val_neumann_bc_loss_0: 9.5673e-08 - val_model_loss: 4.3426e-06
Epoch 73/200
10000/10000 [==============================] - 1250s 119ms/step - loss: 1.0277e-05 - diff_eq_loss_0: 1.9243e-06 - ic_loss_0: 1.5347e-06 - dirichlet_bc_loss_0: 7.5957e-07 - neumann_bc_loss_0: 1.0026e-07 - model_loss: 4.4236e-06 - val_loss: 9.0531e-06 - val_diff_eq_loss_0: 1.2375e-06 - val_ic_loss_0: 1.4683e-06 - val_dirichlet_bc_loss_0: 5.2632e-07 - val_neumann_bc_loss_0: 9.1100e-08 - val_model_loss: 4.2616e-06
Epoch 74/200
10000/10000 [==============================] - 1254s 119ms/step - loss: 9.8450e-06 - diff_eq_loss_0: 1.7319e-06 - ic_loss_0: 1.4650e-06 - dirichlet_bc_loss_0: 7.3962e-07 - neumann_bc_loss_0: 9.8123e-08 - model_loss: 4.3454e-06 - val_loss: 6.9641e-06 - val_diff_eq_loss_0: 9.3610e-07 - val_ic_loss_0: 6.4877e-07 - val_dirichlet_bc_loss_0: 4.4956e-07 - val_neumann_bc_loss_0: 9.3766e-08 - val_model_loss: 4.1871e-06
Epoch 75/200
10000/10000 [==============================] - 1282s 122ms/step - loss: 9.5885e-06 - diff_eq_loss_0: 1.6802e-06 - ic_loss_0: 1.4106e-06 - dirichlet_bc_loss_0: 7.2333e-07 - neumann_bc_loss_0: 9.6299e-08 - model_loss: 4.2674e-06 - val_loss: 7.8913e-06 - val_diff_eq_loss_0: 1.7459e-06 - val_ic_loss_0: 7.3359e-07 - val_dirichlet_bc_loss_0: 4.7190e-07 - val_neumann_bc_loss_0: 9.4599e-08 - val_model_loss: 4.1117e-06
Epoch 76/200
10000/10000 [==============================] - 1253s 119ms/step - loss: 9.3819e-06 - diff_eq_loss_0: 1.6552e-06 - ic_loss_0: 1.3650e-06 - dirichlet_bc_loss_0: 7.0842e-07 - neumann_bc_loss_0: 9.4470e-08 - model_loss: 4.1937e-06 - val_loss: 9.7225e-06 - val_diff_eq_loss_0: 2.3154e-06 - val_ic_loss_0: 1.3745e-06 - val_dirichlet_bc_loss_0: 5.2966e-07 - val_neumann_bc_loss_0: 8.6947e-08 - val_model_loss: 4.0415e-06
Epoch 77/200
10000/10000 [==============================] - 1261s 120ms/step - loss: 9.2721e-06 - diff_eq_loss_0: 1.7146e-06 - ic_loss_0: 1.3244e-06 - dirichlet_bc_loss_0: 6.9164e-07 - neumann_bc_loss_0: 9.2810e-08 - model_loss: 4.1242e-06 - val_loss: 7.3166e-06 - val_diff_eq_loss_0: 1.7002e-06 - val_ic_loss_0: 5.5581e-07 - val_dirichlet_bc_loss_0: 4.4068e-07 - val_neumann_bc_loss_0: 8.4828e-08 - val_model_loss: 3.9793e-06
Epoch 78/200
10000/10000 [==============================] - 1259s 120ms/step - loss: 8.8878e-06 - diff_eq_loss_0: 1.5384e-06 - ic_loss_0: 1.2644e-06 - dirichlet_bc_loss_0: 6.7419e-07 - neumann_bc_loss_0: 9.0923e-08 - model_loss: 4.0556e-06 - val_loss: 7.1771e-06 - val_diff_eq_loss_0: 1.4615e-06 - val_ic_loss_0: 6.4326e-07 - val_dirichlet_bc_loss_0: 4.3247e-07 - val_neumann_bc_loss_0: 8.6128e-08 - val_model_loss: 3.9104e-06
Epoch 79/200
10000/10000 [==============================] - 1267s 121ms/step - loss: 8.6362e-06 - diff_eq_loss_0: 1.4579e-06 - ic_loss_0: 1.2204e-06 - dirichlet_bc_loss_0: 6.5889e-07 - neumann_bc_loss_0: 8.9083e-08 - model_loss: 3.9896e-06 - val_loss: 6.7267e-06 - val_diff_eq_loss_0: 1.2560e-06 - val_ic_loss_0: 5.5348e-07 - val_dirichlet_bc_loss_0: 4.3169e-07 - val_neumann_bc_loss_0: 8.4942e-08 - val_model_loss: 3.8471e-06
Epoch 80/200
10000/10000 [==============================] - 1274s 121ms/step - loss: 8.4247e-06 - diff_eq_loss_0: 1.4138e-06 - ic_loss_0: 1.1764e-06 - dirichlet_bc_loss_0: 6.4587e-07 - neumann_bc_loss_0: 8.7413e-08 - model_loss: 3.9248e-06 - val_loss: 9.3323e-06 - val_diff_eq_loss_0: 9.6723e-07 - val_ic_loss_0: 1.8579e-06 - val_dirichlet_bc_loss_0: 7.8551e-07 - val_neumann_bc_loss_0: 8.3807e-08 - val_model_loss: 3.7800e-06
Epoch 81/200
10000/10000 [==============================] - 1270s 121ms/step - loss: 8.2234e-06 - diff_eq_loss_0: 1.3681e-06 - ic_loss_0: 1.1381e-06 - dirichlet_bc_loss_0: 6.3107e-07 - neumann_bc_loss_0: 8.5750e-08 - model_loss: 3.8623e-06 - val_loss: 6.3523e-06 - val_diff_eq_loss_0: 1.0141e-06 - val_ic_loss_0: 5.5074e-07 - val_dirichlet_bc_loss_0: 4.3321e-07 - val_neumann_bc_loss_0: 7.9507e-08 - val_model_loss: 3.7240e-06
Epoch 82/200
10000/10000 [==============================] - 1254s 119ms/step - loss: 8.1410e-06 - diff_eq_loss_0: 1.4280e-06 - ic_loss_0: 1.1037e-06 - dirichlet_bc_loss_0: 6.1835e-07 - neumann_bc_loss_0: 8.4417e-08 - model_loss: 3.8028e-06 - val_loss: 6.4665e-06 - val_diff_eq_loss_0: 1.1069e-06 - val_ic_loss_0: 5.8750e-07 - val_dirichlet_bc_loss_0: 4.3503e-07 - val_neumann_bc_loss_0: 7.7933e-08 - val_model_loss: 3.6716e-06
Epoch 83/200
10000/10000 [==============================] - 1270s 121ms/step - loss: 7.8514e-06 - diff_eq_loss_0: 1.3042e-06 - ic_loss_0: 1.0568e-06 - dirichlet_bc_loss_0: 6.0440e-07 - neumann_bc_loss_0: 8.2715e-08 - model_loss: 3.7466e-06 - val_loss: 8.8564e-06 - val_diff_eq_loss_0: 1.0038e-06 - val_ic_loss_0: 1.7670e-06 - val_dirichlet_bc_loss_0: 6.2760e-07 - val_neumann_bc_loss_0: 7.5828e-08 - val_model_loss: 3.6152e-06
Epoch 84/200
10000/10000 [==============================] - 1250s 119ms/step - loss: 7.6822e-06 - diff_eq_loss_0: 1.2738e-06 - ic_loss_0: 1.0230e-06 - dirichlet_bc_loss_0: 5.9027e-07 - neumann_bc_loss_0: 8.1274e-08 - model_loss: 3.6907e-06 - val_loss: 7.4520e-06 - val_diff_eq_loss_0: 1.6762e-06 - val_ic_loss_0: 7.8215e-07 - val_dirichlet_bc_loss_0: 5.7677e-07 - val_neumann_bc_loss_0: 7.7277e-08 - val_model_loss: 3.5575e-06
Epoch 85/200
10000/10000 [==============================] - 1271s 121ms/step - loss: 7.4868e-06 - diff_eq_loss_0: 1.2078e-06 - ic_loss_0: 9.9127e-07 - dirichlet_bc_loss_0: 5.8045e-07 - neumann_bc_loss_0: 7.9744e-08 - model_loss: 3.6362e-06 - val_loss: 7.1474e-06 - val_diff_eq_loss_0: 1.6539e-06 - val_ic_loss_0: 7.4856e-07 - val_dirichlet_bc_loss_0: 4.1133e-07 - val_neumann_bc_loss_0: 7.4344e-08 - val_model_loss: 3.5108e-06
Epoch 86/200
10000/10000 [==============================] - 1268s 121ms/step - loss: 7.3356e-06 - diff_eq_loss_0: 1.1932e-06 - ic_loss_0: 9.5675e-07 - dirichlet_bc_loss_0: 5.6768e-07 - neumann_bc_loss_0: 7.8207e-08 - model_loss: 3.5831e-06 - val_loss: 6.2242e-06 - val_diff_eq_loss_0: 9.9464e-07 - val_ic_loss_0: 6.2796e-07 - val_dirichlet_bc_loss_0: 4.4426e-07 - val_neumann_bc_loss_0: 7.3388e-08 - val_model_loss: 3.4560e-06
Epoch 87/200
10000/10000 [==============================] - 1250s 119ms/step - loss: 7.1526e-06 - diff_eq_loss_0: 1.1428e-06 - ic_loss_0: 9.2297e-07 - dirichlet_bc_loss_0: 5.5469e-07 - neumann_bc_loss_0: 7.6732e-08 - model_loss: 3.5325e-06 - val_loss: 7.0479e-06 - val_diff_eq_loss_0: 1.7399e-06 - val_ic_loss_0: 7.0812e-07 - val_dirichlet_bc_loss_0: 4.0898e-07 - val_neumann_bc_loss_0: 7.1777e-08 - val_model_loss: 3.4110e-06
Epoch 88/200
10000/10000 [==============================] - 1250s 119ms/step - loss: 7.0080e-06 - diff_eq_loss_0: 1.1220e-06 - ic_loss_0: 8.9246e-07 - dirichlet_bc_loss_0: 5.4290e-07 - neumann_bc_loss_0: 7.5365e-08 - model_loss: 3.4827e-06 - val_loss: 6.1089e-06 - val_diff_eq_loss_0: 8.5764e-07 - val_ic_loss_0: 6.7792e-07 - val_dirichlet_bc_loss_0: 4.6487e-07 - val_neumann_bc_loss_0: 7.0519e-08 - val_model_loss: 3.3600e-06
Epoch 89/200
10000/10000 [==============================] - 1250s 119ms/step - loss: 6.9116e-06 - diff_eq_loss_0: 1.1318e-06 - ic_loss_0: 8.6814e-07 - dirichlet_bc_loss_0: 5.3321e-07 - neumann_bc_loss_0: 7.4055e-08 - model_loss: 3.4362e-06 - val_loss: 8.4055e-06 - val_diff_eq_loss_0: 1.2517e-06 - val_ic_loss_0: 1.4599e-06 - val_dirichlet_bc_loss_0: 8.5085e-07 - val_neumann_bc_loss_0: 6.8822e-08 - val_model_loss: 3.3143e-06
Epoch 90/200
10000/10000 [==============================] - 1264s 120ms/step - loss: 6.7480e-06 - diff_eq_loss_0: 1.0839e-06 - ic_loss_0: 8.3891e-07 - dirichlet_bc_loss_0: 5.2290e-07 - neumann_bc_loss_0: 7.2721e-08 - model_loss: 3.3907e-06 - val_loss: 5.9565e-06 - val_diff_eq_loss_0: 8.6356e-07 - val_ic_loss_0: 6.3641e-07 - val_dirichlet_bc_loss_0: 4.7939e-07 - val_neumann_bc_loss_0: 6.9915e-08 - val_model_loss: 3.2708e-06
Epoch 91/200
10000/10000 [==============================] - 1261s 120ms/step - loss: 6.6210e-06 - diff_eq_loss_0: 1.0571e-06 - ic_loss_0: 8.1589e-07 - dirichlet_bc_loss_0: 5.1366e-07 - neumann_bc_loss_0: 7.1468e-08 - model_loss: 3.3470e-06 - val_loss: 8.5056e-06 - val_diff_eq_loss_0: 1.8419e-06 - val_ic_loss_0: 1.4259e-06 - val_dirichlet_bc_loss_0: 5.1561e-07 - val_neumann_bc_loss_0: 6.6720e-08 - val_model_loss: 3.2295e-06
Epoch 92/200
10000/10000 [==============================] - 1264s 120ms/step - loss: 6.4888e-06 - diff_eq_loss_0: 1.0415e-06 - ic_loss_0: 7.8539e-07 - dirichlet_bc_loss_0: 5.0225e-07 - neumann_bc_loss_0: 7.0287e-08 - model_loss: 3.3040e-06 - val_loss: 5.3939e-06 - val_diff_eq_loss_0: 8.4047e-07 - val_ic_loss_0: 4.7156e-07 - val_dirichlet_bc_loss_0: 3.5525e-07 - val_neumann_bc_loss_0: 6.5903e-08 - val_model_loss: 3.1891e-06
Epoch 93/200
10000/10000 [==============================] - 1275s 121ms/step - loss: 6.3251e-06 - diff_eq_loss_0: 9.8028e-07 - ic_loss_0: 7.5993e-07 - dirichlet_bc_loss_0: 4.9341e-07 - neumann_bc_loss_0: 6.8972e-08 - model_loss: 3.2626e-06 - val_loss: 5.8374e-06 - val_diff_eq_loss_0: 1.2755e-06 - val_ic_loss_0: 4.8620e-07 - val_dirichlet_bc_loss_0: 3.7185e-07 - val_neumann_bc_loss_0: 6.4751e-08 - val_model_loss: 3.1529e-06
Epoch 94/200
10000/10000 [==============================] - 1274s 121ms/step - loss: 6.2367e-06 - diff_eq_loss_0: 9.7933e-07 - ic_loss_0: 7.4154e-07 - dirichlet_bc_loss_0: 4.8436e-07 - neumann_bc_loss_0: 6.7793e-08 - model_loss: 3.2221e-06 - val_loss: 7.2646e-06 - val_diff_eq_loss_0: 1.3751e-06 - val_ic_loss_0: 1.1487e-06 - val_dirichlet_bc_loss_0: 4.1489e-07 - val_neumann_bc_loss_0: 6.3902e-08 - val_model_loss: 3.1132e-06
Epoch 95/200
10000/10000 [==============================] - 1263s 120ms/step - loss: 6.1039e-06 - diff_eq_loss_0: 9.4773e-07 - ic_loss_0: 7.1540e-07 - dirichlet_bc_loss_0: 4.7515e-07 - neumann_bc_loss_0: 6.6639e-08 - model_loss: 3.1836e-06 - val_loss: 8.2652e-06 - val_diff_eq_loss_0: 1.9779e-06 - val_ic_loss_0: 1.3235e-06 - val_dirichlet_bc_loss_0: 4.9672e-07 - val_neumann_bc_loss_0: 6.5253e-08 - val_model_loss: 3.0785e-06
Epoch 96/200
10000/10000 [==============================] - 1261s 120ms/step - loss: 6.0098e-06 - diff_eq_loss_0: 9.3933e-07 - ic_loss_0: 6.9693e-07 - dirichlet_bc_loss_0: 4.6507e-07 - neumann_bc_loss_0: 6.5606e-08 - model_loss: 3.1459e-06 - val_loss: 5.8189e-06 - val_diff_eq_loss_0: 1.2033e-06 - val_ic_loss_0: 5.6396e-07 - val_dirichlet_bc_loss_0: 3.8574e-07 - val_neumann_bc_loss_0: 6.0894e-08 - val_model_loss: 3.0410e-06
Epoch 97/200
10000/10000 [==============================] - 1278s 122ms/step - loss: 5.8906e-06 - diff_eq_loss_0: 9.0729e-07 - ic_loss_0: 6.7581e-07 - dirichlet_bc_loss_0: 4.5762e-07 - neumann_bc_loss_0: 6.4459e-08 - model_loss: 3.1096e-06 - val_loss: 5.1214e-06 - val_diff_eq_loss_0: 8.0356e-07 - val_ic_loss_0: 4.5602e-07 - val_dirichlet_bc_loss_0: 3.4332e-07 - val_neumann_bc_loss_0: 6.1118e-08 - val_model_loss: 3.0013e-06
Epoch 98/200
10000/10000 [==============================] - 1261s 120ms/step - loss: 5.7963e-06 - diff_eq_loss_0: 8.9142e-07 - ic_loss_0: 6.5874e-07 - dirichlet_bc_loss_0: 4.4943e-07 - neumann_bc_loss_0: 6.3338e-08 - model_loss: 3.0746e-06 - val_loss: 7.1489e-06 - val_diff_eq_loss_0: 1.1327e-06 - val_ic_loss_0: 1.2470e-06 - val_dirichlet_bc_loss_0: 4.9235e-07 - val_neumann_bc_loss_0: 5.9182e-08 - val_model_loss: 2.9706e-06
Epoch 99/200
10000/10000 [==============================] - 1257s 120ms/step - loss: 5.7009e-06 - diff_eq_loss_0: 8.7804e-07 - ic_loss_0: 6.3964e-07 - dirichlet_bc_loss_0: 4.4079e-07 - neumann_bc_loss_0: 6.2339e-08 - model_loss: 3.0405e-06 - val_loss: 6.6572e-06 - val_diff_eq_loss_0: 8.1105e-07 - val_ic_loss_0: 1.1536e-06 - val_dirichlet_bc_loss_0: 5.4414e-07 - val_neumann_bc_loss_0: 5.9099e-08 - val_model_loss: 2.9358e-06
Epoch 100/200
10000/10000 [==============================] - 1254s 119ms/step - loss: 5.6105e-06 - diff_eq_loss_0: 8.6378e-07 - ic_loss_0: 6.2235e-07 - dirichlet_bc_loss_0: 4.3299e-07 - neumann_bc_loss_0: 6.1342e-08 - model_loss: 3.0077e-06 - val_loss: 5.9177e-06 - val_diff_eq_loss_0: 1.7115e-06 - val_ic_loss_0: 4.5490e-07 - val_dirichlet_bc_loss_0: 3.3037e-07 - val_neumann_bc_loss_0: 5.7359e-08 - val_model_loss: 2.9086e-06
Epoch 101/200
10000/10000 [==============================] - 1258s 120ms/step - loss: 5.5227e-06 - diff_eq_loss_0: 8.5060e-07 - ic_loss_0: 6.0516e-07 - dirichlet_bc_loss_0: 4.2528e-07 - neumann_bc_loss_0: 6.0381e-08 - model_loss: 2.9761e-06 - val_loss: 5.4314e-06 - val_diff_eq_loss_0: 1.0578e-06 - val_ic_loss_0: 5.3550e-07 - val_dirichlet_bc_loss_0: 3.6776e-07 - val_neumann_bc_loss_0: 5.7303e-08 - val_model_loss: 2.8776e-06
Epoch 102/200
10000/10000 [==============================] - 1263s 120ms/step - loss: 5.4358e-06 - diff_eq_loss_0: 8.3864e-07 - ic_loss_0: 5.8747e-07 - dirichlet_bc_loss_0: 4.1748e-07 - neumann_bc_loss_0: 5.9431e-08 - model_loss: 2.9453e-06 - val_loss: 6.3277e-06 - val_diff_eq_loss_0: 1.4369e-06 - val_ic_loss_0: 8.0475e-07 - val_dirichlet_bc_loss_0: 3.7579e-07 - val_neumann_bc_loss_0: 5.6470e-08 - val_model_loss: 2.8490e-06
Epoch 103/200
10000/10000 [==============================] - 1251s 119ms/step - loss: 5.3339e-06 - diff_eq_loss_0: 8.0479e-07 - ic_loss_0: 5.7243e-07 - dirichlet_bc_loss_0: 4.1077e-07 - neumann_bc_loss_0: 5.8472e-08 - model_loss: 2.9151e-06 - val_loss: 5.6532e-06 - val_diff_eq_loss_0: 1.1410e-06 - val_ic_loss_0: 6.3733e-07 - val_dirichlet_bc_loss_0: 3.6523e-07 - val_neumann_bc_loss_0: 5.4829e-08 - val_model_loss: 2.8175e-06
Epoch 104/200
10000/10000 [==============================] - 1261s 120ms/step - loss: 5.2572e-06 - diff_eq_loss_0: 7.9239e-07 - ic_loss_0: 5.5869e-07 - dirichlet_bc_loss_0: 4.0413e-07 - neumann_bc_loss_0: 5.7554e-08 - model_loss: 2.8857e-06 - val_loss: 5.3703e-06 - val_diff_eq_loss_0: 1.0457e-06 - val_ic_loss_0: 5.8112e-07 - val_dirichlet_bc_loss_0: 3.1937e-07 - val_neumann_bc_loss_0: 5.4929e-08 - val_model_loss: 2.7881e-06
Epoch 105/200
10000/10000 [==============================] - 1270s 121ms/step - loss: 5.1698e-06 - diff_eq_loss_0: 7.7627e-07 - ic_loss_0: 5.4151e-07 - dirichlet_bc_loss_0: 3.9665e-07 - neumann_bc_loss_0: 5.6716e-08 - model_loss: 2.8572e-06 - val_loss: 5.3031e-06 - val_diff_eq_loss_0: 1.1021e-06 - val_ic_loss_0: 5.3171e-07 - val_dirichlet_bc_loss_0: 3.2208e-07 - val_neumann_bc_loss_0: 5.3375e-08 - val_model_loss: 2.7621e-06
Epoch 106/200
10000/10000 [==============================] - 1268s 121ms/step - loss: 5.1067e-06 - diff_eq_loss_0: 7.7307e-07 - ic_loss_0: 5.2901e-07 - dirichlet_bc_loss_0: 3.9006e-07 - neumann_bc_loss_0: 5.5889e-08 - model_loss: 2.8297e-06 - val_loss: 5.2988e-06 - val_diff_eq_loss_0: 1.0021e-06 - val_ic_loss_0: 5.9155e-07 - val_dirichlet_bc_loss_0: 3.2577e-07 - val_neumann_bc_loss_0: 5.3466e-08 - val_model_loss: 2.7344e-06
Epoch 107/200
10000/10000 [==============================] - 1272s 121ms/step - loss: 5.0271e-06 - diff_eq_loss_0: 7.5145e-07 - ic_loss_0: 5.1695e-07 - dirichlet_bc_loss_0: 3.8391e-07 - neumann_bc_loss_0: 5.5121e-08 - model_loss: 2.8027e-06 - val_loss: 5.2253e-06 - val_diff_eq_loss_0: 9.9753e-07 - val_ic_loss_0: 5.7438e-07 - val_dirichlet_bc_loss_0: 3.1740e-07 - val_neumann_bc_loss_0: 5.2322e-08 - val_model_loss: 2.7093e-06
Epoch 108/200
10000/10000 [==============================] - 1250s 119ms/step - loss: 4.9512e-06 - diff_eq_loss_0: 7.3408e-07 - ic_loss_0: 5.0402e-07 - dirichlet_bc_loss_0: 3.7824e-07 - neumann_bc_loss_0: 5.4305e-08 - model_loss: 2.7766e-06 - val_loss: 5.5750e-06 - val_diff_eq_loss_0: 1.7573e-06 - val_ic_loss_0: 3.9458e-07 - val_dirichlet_bc_loss_0: 2.9022e-07 - val_neumann_bc_loss_0: 5.1769e-08 - val_model_loss: 2.6865e-06
Epoch 109/200
10000/10000 [==============================] - 1274s 121ms/step - loss: 4.8908e-06 - diff_eq_loss_0: 7.2877e-07 - ic_loss_0: 4.9259e-07 - dirichlet_bc_loss_0: 3.7194e-07 - neumann_bc_loss_0: 5.3533e-08 - model_loss: 2.7514e-06 - val_loss: 4.6469e-06 - val_diff_eq_loss_0: 8.3728e-07 - val_ic_loss_0: 3.9860e-07 - val_dirichlet_bc_loss_0: 3.0140e-07 - val_neumann_bc_loss_0: 5.0348e-08 - val_model_loss: 2.6607e-06
Epoch 110/200
10000/10000 [==============================] - 1250s 119ms/step - loss: 4.8202e-06 - diff_eq_loss_0: 7.1018e-07 - ic_loss_0: 4.8176e-07 - dirichlet_bc_loss_0: 3.6670e-07 - neumann_bc_loss_0: 5.2814e-08 - model_loss: 2.7270e-06 - val_loss: 5.4399e-06 - val_diff_eq_loss_0: 7.4457e-07 - val_ic_loss_0: 8.1957e-07 - val_dirichlet_bc_loss_0: 3.6797e-07 - val_neumann_bc_loss_0: 5.0134e-08 - val_model_loss: 2.6381e-06
Epoch 111/200
10000/10000 [==============================] - 1265s 120ms/step - loss: 4.7564e-06 - diff_eq_loss_0: 7.0131e-07 - ic_loss_0: 4.6975e-07 - dirichlet_bc_loss_0: 3.6035e-07 - neumann_bc_loss_0: 5.2067e-08 - model_loss: 2.7032e-06 - val_loss: 5.2713e-06 - val_diff_eq_loss_0: 1.0294e-06 - val_ic_loss_0: 6.0738e-07 - val_dirichlet_bc_loss_0: 3.6271e-07 - val_neumann_bc_loss_0: 4.9662e-08 - val_model_loss: 2.6147e-06
Epoch 112/200
10000/10000 [==============================] - 1258s 120ms/step - loss: 4.6864e-06 - diff_eq_loss_0: 6.8207e-07 - ic_loss_0: 4.5896e-07 - dirichlet_bc_loss_0: 3.5477e-07 - neumann_bc_loss_0: 5.1392e-08 - model_loss: 2.6803e-06 - val_loss: 4.4624e-06 - val_diff_eq_loss_0: 8.0512e-07 - val_ic_loss_0: 3.6911e-07 - val_dirichlet_bc_loss_0: 2.8003e-07 - val_neumann_bc_loss_0: 4.8431e-08 - val_model_loss: 2.5906e-06
Epoch 113/200
10000/10000 [==============================] - 1265s 120ms/step - loss: 4.6417e-06 - diff_eq_loss_0: 6.8231e-07 - ic_loss_0: 4.5072e-07 - dirichlet_bc_loss_0: 3.4939e-07 - neumann_bc_loss_0: 5.0728e-08 - model_loss: 2.6579e-06 - val_loss: 4.5768e-06 - val_diff_eq_loss_0: 7.4849e-07 - val_ic_loss_0: 4.4208e-07 - val_dirichlet_bc_loss_0: 3.2452e-07 - val_neumann_bc_loss_0: 4.7956e-08 - val_model_loss: 2.5716e-06
Epoch 114/200
10000/10000 [==============================] - 1254s 119ms/step - loss: 4.5759e-06 - diff_eq_loss_0: 6.6578e-07 - ic_loss_0: 4.3993e-07 - dirichlet_bc_loss_0: 3.4394e-07 - neumann_bc_loss_0: 5.0083e-08 - model_loss: 2.6362e-06 - val_loss: 4.8663e-06 - val_diff_eq_loss_0: 1.0980e-06 - val_ic_loss_0: 4.4672e-07 - val_dirichlet_bc_loss_0: 2.7716e-07 - val_neumann_bc_loss_0: 4.7135e-08 - val_model_loss: 2.5506e-06
Epoch 115/200
10000/10000 [==============================] - 1265s 121ms/step - loss: 4.5112e-06 - diff_eq_loss_0: 6.4755e-07 - ic_loss_0: 4.3010e-07 - dirichlet_bc_loss_0: 3.3896e-07 - neumann_bc_loss_0: 4.9463e-08 - model_loss: 2.6150e-06 - val_loss: 4.5655e-06 - val_diff_eq_loss_0: 8.9241e-07 - val_ic_loss_0: 4.0152e-07 - val_dirichlet_bc_loss_0: 2.9425e-07 - val_neumann_bc_loss_0: 4.7070e-08 - val_model_loss: 2.5287e-06
Epoch 116/200
10000/10000 [==============================] - 1269s 121ms/step - loss: 4.4687e-06 - diff_eq_loss_0: 6.4649e-07 - ic_loss_0: 4.2229e-07 - dirichlet_bc_loss_0: 3.3441e-07 - neumann_bc_loss_0: 4.8881e-08 - model_loss: 2.5943e-06 - val_loss: 4.6841e-06 - val_diff_eq_loss_0: 1.1264e-06 - val_ic_loss_0: 3.6529e-07 - val_dirichlet_bc_loss_0: 2.7133e-07 - val_neumann_bc_loss_0: 4.6919e-08 - val_model_loss: 2.5089e-06
Epoch 117/200
10000/10000 [==============================] - 1263s 120ms/step - loss: 4.4164e-06 - diff_eq_loss_0: 6.3731e-07 - ic_loss_0: 4.1377e-07 - dirichlet_bc_loss_0: 3.2892e-07 - neumann_bc_loss_0: 4.8318e-08 - model_loss: 2.5743e-06 - val_loss: 6.1152e-06 - val_diff_eq_loss_0: 9.1334e-07 - val_ic_loss_0: 1.1004e-06 - val_dirichlet_bc_loss_0: 4.6488e-07 - val_neumann_bc_loss_0: 4.6226e-08 - val_model_loss: 2.4899e-06
Epoch 118/200
10000/10000 [==============================] - 1253s 119ms/step - loss: 4.3608e-06 - diff_eq_loss_0: 6.2242e-07 - ic_loss_0: 4.0554e-07 - dirichlet_bc_loss_0: 3.2446e-07 - neumann_bc_loss_0: 4.7744e-08 - model_loss: 2.5551e-06 - val_loss: 4.5485e-06 - val_diff_eq_loss_0: 8.8806e-07 - val_ic_loss_0: 4.3493e-07 - val_dirichlet_bc_loss_0: 2.7496e-07 - val_neumann_bc_loss_0: 4.5556e-08 - val_model_loss: 2.4701e-06
Epoch 119/200
10000/10000 [==============================] - 1269s 121ms/step - loss: 4.3216e-06 - diff_eq_loss_0: 6.2235e-07 - ic_loss_0: 3.9781e-07 - dirichlet_bc_loss_0: 3.2022e-07 - neumann_bc_loss_0: 4.7263e-08 - model_loss: 2.5362e-06 - val_loss: 4.3593e-06 - val_diff_eq_loss_0: 9.2440e-07 - val_ic_loss_0: 3.3563e-07 - val_dirichlet_bc_loss_0: 2.6545e-07 - val_neumann_bc_loss_0: 4.4977e-08 - val_model_loss: 2.4532e-06
Epoch 120/200
10000/10000 [==============================] - 1261s 120ms/step - loss: 4.2710e-06 - diff_eq_loss_0: 6.0710e-07 - ic_loss_0: 3.9165e-07 - dirichlet_bc_loss_0: 3.1599e-07 - neumann_bc_loss_0: 4.6738e-08 - model_loss: 2.5178e-06 - val_loss: 4.3502e-06 - val_diff_eq_loss_0: 9.1148e-07 - val_ic_loss_0: 3.5482e-07 - val_dirichlet_bc_loss_0: 2.4799e-07 - val_neumann_bc_loss_0: 4.4631e-08 - val_model_loss: 2.4364e-06
Epoch 121/200
10000/10000 [==============================] - 1251s 119ms/step - loss: 4.2291e-06 - diff_eq_loss_0: 6.0123e-07 - ic_loss_0: 3.8479e-07 - dirichlet_bc_loss_0: 3.1187e-07 - neumann_bc_loss_0: 4.6243e-08 - model_loss: 2.5002e-06 - val_loss: 4.3345e-06 - val_diff_eq_loss_0: 7.7180e-07 - val_ic_loss_0: 4.1605e-07 - val_dirichlet_bc_loss_0: 2.6587e-07 - val_neumann_bc_loss_0: 4.4009e-08 - val_model_loss: 2.4207e-06
Epoch 122/200
10000/10000 [==============================] - 1250s 119ms/step - loss: 4.1842e-06 - diff_eq_loss_0: 5.9335e-07 - ic_loss_0: 3.7742e-07 - dirichlet_bc_loss_0: 3.0739e-07 - neumann_bc_loss_0: 4.5757e-08 - model_loss: 2.4829e-06 - val_loss: 4.3056e-06 - val_diff_eq_loss_0: 9.1980e-07 - val_ic_loss_0: 3.3866e-07 - val_dirichlet_bc_loss_0: 2.6165e-07 - val_neumann_bc_loss_0: 4.4419e-08 - val_model_loss: 2.4024e-06
Epoch 123/200
10000/10000 [==============================] - 1257s 120ms/step - loss: 4.1383e-06 - diff_eq_loss_0: 5.8121e-07 - ic_loss_0: 3.7118e-07 - dirichlet_bc_loss_0: 3.0343e-07 - neumann_bc_loss_0: 4.5292e-08 - model_loss: 2.4660e-06 - val_loss: 4.1952e-06 - val_diff_eq_loss_0: 8.6945e-07 - val_ic_loss_0: 3.2349e-07 - val_dirichlet_bc_loss_0: 2.4816e-07 - val_neumann_bc_loss_0: 4.3485e-08 - val_model_loss: 2.3871e-06
Epoch 124/200
10000/10000 [==============================] - 1263s 120ms/step - loss: 4.0983e-06 - diff_eq_loss_0: 5.7572e-07 - ic_loss_0: 3.6418e-07 - dirichlet_bc_loss_0: 2.9979e-07 - neumann_bc_loss_0: 4.4843e-08 - model_loss: 2.4496e-06 - val_loss: 4.3025e-06 - val_diff_eq_loss_0: 9.1184e-07 - val_ic_loss_0: 3.6720e-07 - val_dirichlet_bc_loss_0: 2.4111e-07 - val_neumann_bc_loss_0: 4.3295e-08 - val_model_loss: 2.3718e-06
Epoch 125/200
10000/10000 [==============================] - 1282s 122ms/step - loss: 4.0627e-06 - diff_eq_loss_0: 5.7018e-07 - ic_loss_0: 3.5907e-07 - dirichlet_bc_loss_0: 2.9598e-07 - neumann_bc_loss_0: 4.4441e-08 - model_loss: 2.4339e-06 - val_loss: 4.2168e-06 - val_diff_eq_loss_0: 8.9830e-07 - val_ic_loss_0: 3.3977e-07 - val_dirichlet_bc_loss_0: 2.4086e-07 - val_neumann_bc_loss_0: 4.2789e-08 - val_model_loss: 2.3553e-06
Epoch 126/200
10000/10000 [==============================] - 1264s 120ms/step - loss: 4.0165e-06 - diff_eq_loss_0: 5.5505e-07 - ic_loss_0: 3.5318e-07 - dirichlet_bc_loss_0: 2.9255e-07 - neumann_bc_loss_0: 4.4046e-08 - model_loss: 2.4185e-06 - val_loss: 4.1643e-06 - val_diff_eq_loss_0: 8.5945e-07 - val_ic_loss_0: 3.3829e-07 - val_dirichlet_bc_loss_0: 2.4539e-07 - val_neumann_bc_loss_0: 4.1967e-08 - val_model_loss: 2.3409e-06
Epoch 127/200
10000/10000 [==============================] - 1250s 119ms/step - loss: 3.9844e-06 - diff_eq_loss_0: 5.5425e-07 - ic_loss_0: 3.4708e-07 - dirichlet_bc_loss_0: 2.8897e-07 - neumann_bc_loss_0: 4.3643e-08 - model_loss: 2.4034e-06 - val_loss: 4.1350e-06 - val_diff_eq_loss_0: 8.9077e-07 - val_ic_loss_0: 3.1683e-07 - val_dirichlet_bc_loss_0: 2.4152e-07 - val_neumann_bc_loss_0: 4.1550e-08 - val_model_loss: 2.3275e-06
Epoch 128/200
10000/10000 [==============================] - 1258s 120ms/step - loss: 3.9485e-06 - diff_eq_loss_0: 5.4595e-07 - ic_loss_0: 3.4239e-07 - dirichlet_bc_loss_0: 2.8573e-07 - neumann_bc_loss_0: 4.3236e-08 - model_loss: 2.3888e-06 - val_loss: 4.3670e-06 - val_diff_eq_loss_0: 1.0533e-06 - val_ic_loss_0: 3.6046e-07 - val_dirichlet_bc_loss_0: 2.3779e-07 - val_neumann_bc_loss_0: 4.2447e-08 - val_model_loss: 2.3126e-06
Epoch 129/200
10000/10000 [==============================] - 1285s 122ms/step - loss: 3.9149e-06 - diff_eq_loss_0: 5.4108e-07 - ic_loss_0: 3.3705e-07 - dirichlet_bc_loss_0: 2.8239e-07 - neumann_bc_loss_0: 4.2897e-08 - model_loss: 2.3745e-06 - val_loss: 4.0395e-06 - val_diff_eq_loss_0: 8.4878e-07 - val_ic_loss_0: 3.0686e-07 - val_dirichlet_bc_loss_0: 2.3710e-07 - val_neumann_bc_loss_0: 4.1406e-08 - val_model_loss: 2.2985e-06
Epoch 130/200
10000/10000 [==============================] - 1253s 119ms/step - loss: 3.8835e-06 - diff_eq_loss_0: 5.3532e-07 - ic_loss_0: 3.3279e-07 - dirichlet_bc_loss_0: 2.7942e-07 - neumann_bc_loss_0: 4.2594e-08 - model_loss: 2.3606e-06 - val_loss: 3.9513e-06 - val_diff_eq_loss_0: 7.9761e-07 - val_ic_loss_0: 2.9582e-07 - val_dirichlet_bc_loss_0: 2.3489e-07 - val_neumann_bc_loss_0: 4.0736e-08 - val_model_loss: 2.2864e-06
Epoch 131/200
10000/10000 [==============================] - 1255s 120ms/step - loss: 3.8480e-06 - diff_eq_loss_0: 5.2632e-07 - ic_loss_0: 3.2816e-07 - dirichlet_bc_loss_0: 2.7597e-07 - neumann_bc_loss_0: 4.2204e-08 - model_loss: 2.3471e-06 - val_loss: 4.1477e-06 - val_diff_eq_loss_0: 7.9158e-07 - val_ic_loss_0: 3.8977e-07 - val_dirichlet_bc_loss_0: 2.6322e-07 - val_neumann_bc_loss_0: 4.0611e-08 - val_model_loss: 2.2728e-06
Epoch 132/200
10000/10000 [==============================] - 1288s 123ms/step - loss: 3.8135e-06 - diff_eq_loss_0: 5.1858e-07 - ic_loss_0: 3.2312e-07 - dirichlet_bc_loss_0: 2.7297e-07 - neumann_bc_loss_0: 4.1864e-08 - model_loss: 2.3338e-06 - val_loss: 4.0338e-06 - val_diff_eq_loss_0: 8.1318e-07 - val_ic_loss_0: 3.4084e-07 - val_dirichlet_bc_loss_0: 2.3800e-07 - val_neumann_bc_loss_0: 4.0786e-08 - val_model_loss: 2.2602e-06
Epoch 133/200
10000/10000 [==============================] - 1269s 121ms/step - loss: 3.7868e-06 - diff_eq_loss_0: 5.1491e-07 - ic_loss_0: 3.1959e-07 - dirichlet_bc_loss_0: 2.7013e-07 - neumann_bc_loss_0: 4.1558e-08 - model_loss: 2.3210e-06 - val_loss: 3.9235e-06 - val_diff_eq_loss_0: 7.7709e-07 - val_ic_loss_0: 3.1345e-07 - val_dirichlet_bc_loss_0: 2.3209e-07 - val_neumann_bc_loss_0: 4.0017e-08 - val_model_loss: 2.2474e-06
Epoch 134/200
10000/10000 [==============================] - 1251s 119ms/step - loss: 3.7560e-06 - diff_eq_loss_0: 5.0900e-07 - ic_loss_0: 3.1495e-07 - dirichlet_bc_loss_0: 2.6721e-07 - neumann_bc_loss_0: 4.1252e-08 - model_loss: 2.3086e-06 - val_loss: 3.7437e-06 - val_diff_eq_loss_0: 6.4514e-07 - val_ic_loss_0: 3.0066e-07 - val_dirichlet_bc_loss_0: 2.2176e-07 - val_neumann_bc_loss_0: 3.9768e-08 - val_model_loss: 2.2358e-06
Epoch 135/200
10000/10000 [==============================] - 1267s 121ms/step - loss: 3.7277e-06 - diff_eq_loss_0: 5.0348e-07 - ic_loss_0: 3.1112e-07 - dirichlet_bc_loss_0: 2.6457e-07 - neumann_bc_loss_0: 4.0988e-08 - model_loss: 2.2965e-06 - val_loss: 4.0246e-06 - val_diff_eq_loss_0: 9.4366e-07 - val_ic_loss_0: 2.9547e-07 - val_dirichlet_bc_loss_0: 2.2675e-07 - val_neumann_bc_loss_0: 3.9378e-08 - val_model_loss: 2.2239e-06
Epoch 136/200
10000/10000 [==============================] - 1266s 121ms/step - loss: 3.7027e-06 - diff_eq_loss_0: 4.9959e-07 - ic_loss_0: 3.0794e-07 - dirichlet_bc_loss_0: 2.6198e-07 - neumann_bc_loss_0: 4.0685e-08 - model_loss: 2.2846e-06 - val_loss: 3.9146e-06 - val_diff_eq_loss_0: 7.1055e-07 - val_ic_loss_0: 3.5865e-07 - val_dirichlet_bc_loss_0: 2.3617e-07 - val_neumann_bc_loss_0: 3.9095e-08 - val_model_loss: 2.2115e-06
Epoch 137/200
10000/10000 [==============================] - 1278s 122ms/step - loss: 3.6750e-06 - diff_eq_loss_0: 4.9385e-07 - ic_loss_0: 3.0428e-07 - dirichlet_bc_loss_0: 2.5923e-07 - neumann_bc_loss_0: 4.0398e-08 - model_loss: 2.2730e-06 - val_loss: 3.8600e-06 - val_diff_eq_loss_0: 8.0732e-07 - val_ic_loss_0: 2.9323e-07 - val_dirichlet_bc_loss_0: 2.2499e-07 - val_neumann_bc_loss_0: 3.8926e-08 - val_model_loss: 2.2023e-06
Epoch 138/200
10000/10000 [==============================] - 1263s 120ms/step - loss: 3.6514e-06 - diff_eq_loss_0: 4.9031e-07 - ic_loss_0: 3.0098e-07 - dirichlet_bc_loss_0: 2.5717e-07 - neumann_bc_loss_0: 4.0133e-08 - model_loss: 2.2618e-06 - val_loss: 3.7585e-06 - val_diff_eq_loss_0: 7.4526e-07 - val_ic_loss_0: 2.8051e-07 - val_dirichlet_bc_loss_0: 2.2288e-07 - val_neumann_bc_loss_0: 3.8654e-08 - val_model_loss: 2.1907e-06
Epoch 139/200
10000/10000 [==============================] - 1251s 119ms/step - loss: 3.6223e-06 - diff_eq_loss_0: 4.8261e-07 - ic_loss_0: 2.9734e-07 - dirichlet_bc_loss_0: 2.5446e-07 - neumann_bc_loss_0: 3.9898e-08 - model_loss: 2.2507e-06 - val_loss: 3.8637e-06 - val_diff_eq_loss_0: 8.3443e-07 - val_ic_loss_0: 2.9629e-07 - val_dirichlet_bc_loss_0: 2.1878e-07 - val_neumann_bc_loss_0: 3.8510e-08 - val_model_loss: 2.1794e-06
Epoch 140/200
10000/10000 [==============================] - 1257s 120ms/step - loss: 3.6007e-06 - diff_eq_loss_0: 4.8026e-07 - ic_loss_0: 2.9415e-07 - dirichlet_bc_loss_0: 2.5237e-07 - neumann_bc_loss_0: 3.9652e-08 - model_loss: 2.2401e-06 - val_loss: 3.7523e-06 - val_diff_eq_loss_0: 7.3595e-07 - val_ic_loss_0: 2.9596e-07 - val_dirichlet_bc_loss_0: 2.1656e-07 - val_neumann_bc_loss_0: 3.8280e-08 - val_model_loss: 2.1695e-06
Epoch 141/200
10000/10000 [==============================] - 1251s 119ms/step - loss: 3.5799e-06 - diff_eq_loss_0: 4.7732e-07 - ic_loss_0: 2.9174e-07 - dirichlet_bc_loss_0: 2.4994e-07 - neumann_bc_loss_0: 3.9412e-08 - model_loss: 2.2298e-06 - val_loss: 3.7591e-06 - val_diff_eq_loss_0: 7.5818e-07 - val_ic_loss_0: 2.9466e-07 - val_dirichlet_bc_loss_0: 2.1358e-07 - val_neumann_bc_loss_0: 3.8029e-08 - val_model_loss: 2.1600e-06
Epoch 142/200
10000/10000 [==============================] - 1250s 119ms/step - loss: 3.5558e-06 - diff_eq_loss_0: 4.7087e-07 - ic_loss_0: 2.8907e-07 - dirichlet_bc_loss_0: 2.4789e-07 - neumann_bc_loss_0: 3.9194e-08 - model_loss: 2.2197e-06 - val_loss: 3.7670e-06 - val_diff_eq_loss_0: 7.5532e-07 - val_ic_loss_0: 2.9946e-07 - val_dirichlet_bc_loss_0: 2.2487e-07 - val_neumann_bc_loss_0: 3.7796e-08 - val_model_loss: 2.1501e-06
Epoch 143/200
10000/10000 [==============================] - 1250s 119ms/step - loss: 3.5306e-06 - diff_eq_loss_0: 4.6506e-07 - ic_loss_0: 2.8546e-07 - dirichlet_bc_loss_0: 2.4577e-07 - neumann_bc_loss_0: 3.8981e-08 - model_loss: 2.2099e-06 - val_loss: 3.7993e-06 - val_diff_eq_loss_0: 7.8028e-07 - val_ic_loss_0: 2.9769e-07 - val_dirichlet_bc_loss_0: 2.4555e-07 - val_neumann_bc_loss_0: 3.7910e-08 - val_model_loss: 2.1402e-06
Epoch 144/200
10000/10000 [==============================] - 1270s 121ms/step - loss: 3.5112e-06 - diff_eq_loss_0: 4.6221e-07 - ic_loss_0: 2.8315e-07 - dirichlet_bc_loss_0: 2.4363e-07 - neumann_bc_loss_0: 3.8743e-08 - model_loss: 2.2003e-06 - val_loss: 3.7927e-06 - val_diff_eq_loss_0: 8.0562e-07 - val_ic_loss_0: 3.0469e-07 - val_dirichlet_bc_loss_0: 2.0810e-07 - val_neumann_bc_loss_0: 3.7911e-08 - val_model_loss: 2.1317e-06
Epoch 145/200
10000/10000 [==============================] - 1256s 120ms/step - loss: 3.4933e-06 - diff_eq_loss_0: 4.5981e-07 - ic_loss_0: 2.8110e-07 - dirichlet_bc_loss_0: 2.4183e-07 - neumann_bc_loss_0: 3.8560e-08 - model_loss: 2.1909e-06 - val_loss: 3.6534e-06 - val_diff_eq_loss_0: 7.0322e-07 - val_ic_loss_0: 2.9066e-07 - val_dirichlet_bc_loss_0: 2.0830e-07 - val_neumann_bc_loss_0: 3.7557e-08 - val_model_loss: 2.1230e-06
Epoch 146/200
10000/10000 [==============================] - 1250s 119ms/step - loss: 3.4705e-06 - diff_eq_loss_0: 4.5451e-07 - ic_loss_0: 2.7800e-07 - dirichlet_bc_loss_0: 2.3986e-07 - neumann_bc_loss_0: 3.8363e-08 - model_loss: 2.1818e-06 - val_loss: 3.6947e-06 - val_diff_eq_loss_0: 7.7665e-07 - val_ic_loss_0: 2.8205e-07 - val_dirichlet_bc_loss_0: 2.0342e-07 - val_neumann_bc_loss_0: 3.7276e-08 - val_model_loss: 2.1132e-06
Epoch 147/200
10000/10000 [==============================] - 1253s 119ms/step - loss: 3.4527e-06 - diff_eq_loss_0: 4.5225e-07 - ic_loss_0: 2.7568e-07 - dirichlet_bc_loss_0: 2.3801e-07 - neumann_bc_loss_0: 3.8162e-08 - model_loss: 2.1730e-06 - val_loss: 3.6906e-06 - val_diff_eq_loss_0: 7.9302e-07 - val_ic_loss_0: 2.7356e-07 - val_dirichlet_bc_loss_0: 2.0780e-07 - val_neumann_bc_loss_0: 3.7086e-08 - val_model_loss: 2.1056e-06
Epoch 148/200
10000/10000 [==============================] - 1259s 120ms/step - loss: 3.4333e-06 - diff_eq_loss_0: 4.4790e-07 - ic_loss_0: 2.7337e-07 - dirichlet_bc_loss_0: 2.3646e-07 - neumann_bc_loss_0: 3.7976e-08 - model_loss: 2.1642e-06 - val_loss: 3.6294e-06 - val_diff_eq_loss_0: 7.3086e-07 - val_ic_loss_0: 2.7912e-07 - val_dirichlet_bc_loss_0: 2.0613e-07 - val_neumann_bc_loss_0: 3.6898e-08 - val_model_loss: 2.0972e-06
Epoch 149/200
10000/10000 [==============================] - 1257s 120ms/step - loss: 3.4126e-06 - diff_eq_loss_0: 4.4249e-07 - ic_loss_0: 2.7094e-07 - dirichlet_bc_loss_0: 2.3457e-07 - neumann_bc_loss_0: 3.7807e-08 - model_loss: 2.1558e-06 - val_loss: 3.6072e-06 - val_diff_eq_loss_0: 7.1881e-07 - val_ic_loss_0: 2.8139e-07 - val_dirichlet_bc_loss_0: 2.0037e-07 - val_neumann_bc_loss_0: 3.6965e-08 - val_model_loss: 2.0882e-06
Epoch 150/200
10000/10000 [==============================] - 1255s 119ms/step - loss: 3.3974e-06 - diff_eq_loss_0: 4.4135e-07 - ic_loss_0: 2.6889e-07 - dirichlet_bc_loss_0: 2.3306e-07 - neumann_bc_loss_0: 3.7620e-08 - model_loss: 2.1476e-06 - val_loss: 3.5562e-06 - val_diff_eq_loss_0: 6.9881e-07 - val_ic_loss_0: 2.6895e-07 - val_dirichlet_bc_loss_0: 2.0169e-07 - val_neumann_bc_loss_0: 3.6842e-08 - val_model_loss: 2.0809e-06
Epoch 151/200
10000/10000 [==============================] - 1273s 121ms/step - loss: 3.3794e-06 - diff_eq_loss_0: 4.3689e-07 - ic_loss_0: 2.6701e-07 - dirichlet_bc_loss_0: 2.3137e-07 - neumann_bc_loss_0: 3.7467e-08 - model_loss: 2.1396e-06 - val_loss: 3.6067e-06 - val_diff_eq_loss_0: 7.4239e-07 - val_ic_loss_0: 2.7793e-07 - val_dirichlet_bc_loss_0: 1.9856e-07 - val_neumann_bc_loss_0: 3.6838e-08 - val_model_loss: 2.0731e-06
Epoch 152/200
10000/10000 [==============================] - 1262s 120ms/step - loss: 3.3607e-06 - diff_eq_loss_0: 4.3276e-07 - ic_loss_0: 2.6458e-07 - dirichlet_bc_loss_0: 2.2988e-07 - neumann_bc_loss_0: 3.7300e-08 - model_loss: 2.1316e-06 - val_loss: 3.5322e-06 - val_diff_eq_loss_0: 6.8524e-07 - val_ic_loss_0: 2.6889e-07 - val_dirichlet_bc_loss_0: 2.0729e-07 - val_neumann_bc_loss_0: 3.6282e-08 - val_model_loss: 2.0656e-06
Epoch 153/200
10000/10000 [==============================] - 1266s 121ms/step - loss: 3.3467e-06 - diff_eq_loss_0: 4.3069e-07 - ic_loss_0: 2.6321e-07 - dirichlet_bc_loss_0: 2.2850e-07 - neumann_bc_loss_0: 3.7158e-08 - model_loss: 2.1239e-06 - val_loss: 3.4989e-06 - val_diff_eq_loss_0: 6.7478e-07 - val_ic_loss_0: 2.6148e-07 - val_dirichlet_bc_loss_0: 2.0689e-07 - val_neumann_bc_loss_0: 3.6082e-08 - val_model_loss: 2.0582e-06
Epoch 154/200
10000/10000 [==============================] - 1264s 120ms/step - loss: 3.3307e-06 - diff_eq_loss_0: 4.2793e-07 - ic_loss_0: 2.6121e-07 - dirichlet_bc_loss_0: 2.2686e-07 - neumann_bc_loss_0: 3.7002e-08 - model_loss: 2.1165e-06 - val_loss: 3.4812e-06 - val_diff_eq_loss_0: 6.4273e-07 - val_ic_loss_0: 2.7805e-07 - val_dirichlet_bc_loss_0: 1.9625e-07 - val_neumann_bc_loss_0: 3.6159e-08 - val_model_loss: 2.0500e-06
Epoch 155/200
10000/10000 [==============================] - 1250s 119ms/step - loss: 3.3143e-06 - diff_eq_loss_0: 4.2370e-07 - ic_loss_0: 2.5955e-07 - dirichlet_bc_loss_0: 2.2539e-07 - neumann_bc_loss_0: 3.6864e-08 - model_loss: 2.1092e-06 - val_loss: 3.4525e-06 - val_diff_eq_loss_0: 6.2609e-07 - val_ic_loss_0: 2.7260e-07 - val_dirichlet_bc_loss_0: 2.0130e-07 - val_neumann_bc_loss_0: 3.6207e-08 - val_model_loss: 2.0437e-06
Epoch 156/200
10000/10000 [==============================] - 1259s 120ms/step - loss: 3.2986e-06 - diff_eq_loss_0: 4.2128e-07 - ic_loss_0: 2.5731e-07 - dirichlet_bc_loss_0: 2.2403e-07 - neumann_bc_loss_0: 3.6700e-08 - model_loss: 2.1020e-06 - val_loss: 3.4408e-06 - val_diff_eq_loss_0: 6.4992e-07 - val_ic_loss_0: 2.6425e-07 - val_dirichlet_bc_loss_0: 1.8985e-07 - val_neumann_bc_loss_0: 3.5609e-08 - val_model_loss: 2.0370e-06
Epoch 157/200
10000/10000 [==============================] - 1259s 120ms/step - loss: 3.2846e-06 - diff_eq_loss_0: 4.1876e-07 - ic_loss_0: 2.5579e-07 - dirichlet_bc_loss_0: 2.2268e-07 - neumann_bc_loss_0: 3.6592e-08 - model_loss: 2.0950e-06 - val_loss: 3.5788e-06 - val_diff_eq_loss_0: 7.6394e-07 - val_ic_loss_0: 2.7555e-07 - val_dirichlet_bc_loss_0: 1.9766e-07 - val_neumann_bc_loss_0: 3.5708e-08 - val_model_loss: 2.0304e-06
Epoch 158/200
10000/10000 [==============================] - 1277s 122ms/step - loss: 3.2684e-06 - diff_eq_loss_0: 4.1411e-07 - ic_loss_0: 2.5412e-07 - dirichlet_bc_loss_0: 2.2132e-07 - neumann_bc_loss_0: 3.6463e-08 - model_loss: 2.0882e-06 - val_loss: 3.5362e-06 - val_diff_eq_loss_0: 7.4226e-07 - val_ic_loss_0: 2.7113e-07 - val_dirichlet_bc_loss_0: 1.9274e-07 - val_neumann_bc_loss_0: 3.5932e-08 - val_model_loss: 2.0230e-06
Epoch 159/200
10000/10000 [==============================] - 1250s 119ms/step - loss: 3.2560e-06 - diff_eq_loss_0: 4.1241e-07 - ic_loss_0: 2.5285e-07 - dirichlet_bc_loss_0: 2.1988e-07 - neumann_bc_loss_0: 3.6337e-08 - model_loss: 2.0816e-06 - val_loss: 3.4401e-06 - val_diff_eq_loss_0: 6.4672e-07 - val_ic_loss_0: 2.7298e-07 - val_dirichlet_bc_loss_0: 1.9471e-07 - val_neumann_bc_loss_0: 3.5484e-08 - val_model_loss: 2.0172e-06
Epoch 160/200
10000/10000 [==============================] - 1250s 119ms/step - loss: 3.2438e-06 - diff_eq_loss_0: 4.1061e-07 - ic_loss_0: 2.5149e-07 - dirichlet_bc_loss_0: 2.1893e-07 - neumann_bc_loss_0: 3.6197e-08 - model_loss: 2.0751e-06 - val_loss: 3.4063e-06 - val_diff_eq_loss_0: 6.4546e-07 - val_ic_loss_0: 2.6209e-07 - val_dirichlet_bc_loss_0: 1.9083e-07 - val_neumann_bc_loss_0: 3.5149e-08 - val_model_loss: 2.0107e-06
Epoch 161/200
10000/10000 [==============================] - 1265s 120ms/step - loss: 3.2295e-06 - diff_eq_loss_0: 4.0722e-07 - ic_loss_0: 2.4983e-07 - dirichlet_bc_loss_0: 2.1771e-07 - neumann_bc_loss_0: 3.6076e-08 - model_loss: 2.0688e-06 - val_loss: 3.3793e-06 - val_diff_eq_loss_0: 6.2968e-07 - val_ic_loss_0: 2.5924e-07 - val_dirichlet_bc_loss_0: 1.9070e-07 - val_neumann_bc_loss_0: 3.5384e-08 - val_model_loss: 2.0051e-06
Epoch 162/200
10000/10000 [==============================] - 1254s 119ms/step - loss: 3.2176e-06 - diff_eq_loss_0: 4.0530e-07 - ic_loss_0: 2.4847e-07 - dirichlet_bc_loss_0: 2.1656e-07 - neumann_bc_loss_0: 3.5978e-08 - model_loss: 2.0628e-06 - val_loss: 3.4952e-06 - val_diff_eq_loss_0: 7.4016e-07 - val_ic_loss_0: 2.6589e-07 - val_dirichlet_bc_loss_0: 1.8949e-07 - val_neumann_bc_loss_0: 3.4828e-08 - val_model_loss: 1.9990e-06
Epoch 163/200
10000/10000 [==============================] - 1270s 121ms/step - loss: 3.2042e-06 - diff_eq_loss_0: 4.0169e-07 - ic_loss_0: 2.4723e-07 - dirichlet_bc_loss_0: 2.1549e-07 - neumann_bc_loss_0: 3.5837e-08 - model_loss: 2.0567e-06 - val_loss: 3.5288e-06 - val_diff_eq_loss_0: 6.9901e-07 - val_ic_loss_0: 3.0318e-07 - val_dirichlet_bc_loss_0: 1.9553e-07 - val_neumann_bc_loss_0: 3.5173e-08 - val_model_loss: 1.9928e-06
Epoch 164/200
10000/10000 [==============================] - 1271s 121ms/step - loss: 3.1948e-06 - diff_eq_loss_0: 4.0162e-07 - ic_loss_0: 2.4612e-07 - dirichlet_bc_loss_0: 2.1430e-07 - neumann_bc_loss_0: 3.5756e-08 - model_loss: 2.0509e-06 - val_loss: 3.4088e-06 - val_diff_eq_loss_0: 6.3897e-07 - val_ic_loss_0: 2.7588e-07 - val_dirichlet_bc_loss_0: 1.9498e-07 - val_neumann_bc_loss_0: 3.5054e-08 - val_model_loss: 1.9880e-06
Epoch 165/200
10000/10000 [==============================] - 1250s 119ms/step - loss: 3.1818e-06 - diff_eq_loss_0: 3.9847e-07 - ic_loss_0: 2.4461e-07 - dirichlet_bc_loss_0: 2.1336e-07 - neumann_bc_loss_0: 3.5635e-08 - model_loss: 2.0451e-06 - val_loss: 3.4023e-06 - val_diff_eq_loss_0: 6.4465e-07 - val_ic_loss_0: 2.7471e-07 - val_dirichlet_bc_loss_0: 1.9075e-07 - val_neumann_bc_loss_0: 3.5080e-08 - val_model_loss: 1.9824e-06
Epoch 166/200
10000/10000 [==============================] - 1270s 121ms/step - loss: 3.1698e-06 - diff_eq_loss_0: 3.9559e-07 - ic_loss_0: 2.4342e-07 - dirichlet_bc_loss_0: 2.1229e-07 - neumann_bc_loss_0: 3.5540e-08 - model_loss: 2.0396e-06 - val_loss: 3.4466e-06 - val_diff_eq_loss_0: 7.2207e-07 - val_ic_loss_0: 2.6393e-07 - val_dirichlet_bc_loss_0: 1.8529e-07 - val_neumann_bc_loss_0: 3.4730e-08 - val_model_loss: 1.9766e-06
Epoch 167/200
10000/10000 [==============================] - 1250s 119ms/step - loss: 3.1605e-06 - diff_eq_loss_0: 3.9430e-07 - ic_loss_0: 2.4260e-07 - dirichlet_bc_loss_0: 2.1144e-07 - neumann_bc_loss_0: 3.5437e-08 - model_loss: 2.0342e-06 - val_loss: 3.3186e-06 - val_diff_eq_loss_0: 6.1396e-07 - val_ic_loss_0: 2.5552e-07 - val_dirichlet_bc_loss_0: 1.8752e-07 - val_neumann_bc_loss_0: 3.4611e-08 - val_model_loss: 1.9715e-06
Epoch 168/200
10000/10000 [==============================] - 1253s 119ms/step - loss: 3.1506e-06 - diff_eq_loss_0: 3.9240e-07 - ic_loss_0: 2.4176e-07 - dirichlet_bc_loss_0: 2.1043e-07 - neumann_bc_loss_0: 3.5361e-08 - model_loss: 2.0289e-06 - val_loss: 3.3888e-06 - val_diff_eq_loss_0: 6.5368e-07 - val_ic_loss_0: 2.7394e-07 - val_dirichlet_bc_loss_0: 1.8561e-07 - val_neumann_bc_loss_0: 3.4840e-08 - val_model_loss: 1.9668e-06
Epoch 169/200
10000/10000 [==============================] - 1256s 120ms/step - loss: 3.1406e-06 - diff_eq_loss_0: 3.9134e-07 - ic_loss_0: 2.4038e-07 - dirichlet_bc_loss_0: 2.0949e-07 - neumann_bc_loss_0: 3.5258e-08 - model_loss: 2.0238e-06 - val_loss: 3.3198e-06 - val_diff_eq_loss_0: 6.3732e-07 - val_ic_loss_0: 2.5104e-07 - val_dirichlet_bc_loss_0: 1.8440e-07 - val_neumann_bc_loss_0: 3.4479e-08 - val_model_loss: 1.9616e-06
Epoch 170/200
10000/10000 [==============================] - 1270s 121ms/step - loss: 3.1284e-06 - diff_eq_loss_0: 3.8777e-07 - ic_loss_0: 2.3915e-07 - dirichlet_bc_loss_0: 2.0842e-07 - neumann_bc_loss_0: 3.5170e-08 - model_loss: 2.0187e-06 - val_loss: 3.3913e-06 - val_diff_eq_loss_0: 6.7396e-07 - val_ic_loss_0: 2.6922e-07 - val_dirichlet_bc_loss_0: 1.8732e-07 - val_neumann_bc_loss_0: 3.4368e-08 - val_model_loss: 1.9572e-06
Epoch 171/200
10000/10000 [==============================] - 1250s 119ms/step - loss: 3.1204e-06 - diff_eq_loss_0: 3.8709e-07 - ic_loss_0: 2.3836e-07 - dirichlet_bc_loss_0: 2.0770e-07 - neumann_bc_loss_0: 3.5076e-08 - model_loss: 2.0138e-06 - val_loss: 3.2846e-06 - val_diff_eq_loss_0: 6.0546e-07 - val_ic_loss_0: 2.5615e-07 - val_dirichlet_bc_loss_0: 1.8128e-07 - val_neumann_bc_loss_0: 3.4255e-08 - val_model_loss: 1.9513e-06
Epoch 172/200
10000/10000 [==============================] - 1264s 120ms/step - loss: 3.1103e-06 - diff_eq_loss_0: 3.8498e-07 - ic_loss_0: 2.3729e-07 - dirichlet_bc_loss_0: 2.0677e-07 - neumann_bc_loss_0: 3.4992e-08 - model_loss: 2.0090e-06 - val_loss: 3.2947e-06 - val_diff_eq_loss_0: 6.0699e-07 - val_ic_loss_0: 2.6138e-07 - val_dirichlet_bc_loss_0: 1.8351e-07 - val_neumann_bc_loss_0: 3.4274e-08 - val_model_loss: 1.9472e-06
Epoch 173/200
10000/10000 [==============================] - 1291s 123ms/step - loss: 3.0999e-06 - diff_eq_loss_0: 3.8146e-07 - ic_loss_0: 2.3657e-07 - dirichlet_bc_loss_0: 2.0605e-07 - neumann_bc_loss_0: 3.4927e-08 - model_loss: 2.0043e-06 - val_loss: 3.2585e-06 - val_diff_eq_loss_0: 6.0318e-07 - val_ic_loss_0: 2.4862e-07 - val_dirichlet_bc_loss_0: 1.8071e-07 - val_neumann_bc_loss_0: 3.4371e-08 - val_model_loss: 1.9430e-06
Epoch 174/200
10000/10000 [==============================] - 1250s 119ms/step - loss: 3.0919e-06 - diff_eq_loss_0: 3.8096e-07 - ic_loss_0: 2.3547e-07 - dirichlet_bc_loss_0: 2.0530e-07 - neumann_bc_loss_0: 3.4829e-08 - model_loss: 1.9998e-06 - val_loss: 3.2856e-06 - val_diff_eq_loss_0: 6.1892e-07 - val_ic_loss_0: 2.5747e-07 - val_dirichlet_bc_loss_0: 1.7863e-07 - val_neumann_bc_loss_0: 3.4285e-08 - val_model_loss: 1.9389e-06
Epoch 175/200
10000/10000 [==============================] - 1250s 119ms/step - loss: 3.0820e-06 - diff_eq_loss_0: 3.7837e-07 - ic_loss_0: 2.3447e-07 - dirichlet_bc_loss_0: 2.0449e-07 - neumann_bc_loss_0: 3.4757e-08 - model_loss: 1.9954e-06 - val_loss: 3.2877e-06 - val_diff_eq_loss_0: 6.2798e-07 - val_ic_loss_0: 2.5489e-07 - val_dirichlet_bc_loss_0: 1.8168e-07 - val_neumann_bc_loss_0: 3.4299e-08 - val_model_loss: 1.9339e-06
Epoch 176/200
10000/10000 [==============================] - 1250s 119ms/step - loss: 3.0743e-06 - diff_eq_loss_0: 3.7719e-07 - ic_loss_0: 2.3379e-07 - dirichlet_bc_loss_0: 2.0372e-07 - neumann_bc_loss_0: 3.4668e-08 - model_loss: 1.9911e-06 - val_loss: 3.2979e-06 - val_diff_eq_loss_0: 6.5547e-07 - val_ic_loss_0: 2.5025e-07 - val_dirichlet_bc_loss_0: 1.7739e-07 - val_neumann_bc_loss_0: 3.4061e-08 - val_model_loss: 1.9305e-06
Epoch 177/200
10000/10000 [==============================] - 1294s 123ms/step - loss: 3.0674e-06 - diff_eq_loss_0: 3.7665e-07 - ic_loss_0: 2.3316e-07 - dirichlet_bc_loss_0: 2.0291e-07 - neumann_bc_loss_0: 3.4621e-08 - model_loss: 1.9869e-06 - val_loss: 3.3555e-06 - val_diff_eq_loss_0: 6.9882e-07 - val_ic_loss_0: 2.5774e-07 - val_dirichlet_bc_loss_0: 1.8130e-07 - val_neumann_bc_loss_0: 3.4364e-08 - val_model_loss: 1.9255e-06
Epoch 178/200
10000/10000 [==============================] - 1268s 121ms/step - loss: 3.0572e-06 - diff_eq_loss_0: 3.7358e-07 - ic_loss_0: 2.3204e-07 - dirichlet_bc_loss_0: 2.0222e-07 - neumann_bc_loss_0: 3.4551e-08 - model_loss: 1.9828e-06 - val_loss: 3.2485e-06 - val_diff_eq_loss_0: 6.1740e-07 - val_ic_loss_0: 2.4714e-07 - val_dirichlet_bc_loss_0: 1.8020e-07 - val_neumann_bc_loss_0: 3.4111e-08 - val_model_loss: 1.9225e-06
Epoch 179/200
10000/10000 [==============================] - 1253s 119ms/step - loss: 3.0500e-06 - diff_eq_loss_0: 3.7256e-07 - ic_loss_0: 2.3125e-07 - dirichlet_bc_loss_0: 2.0170e-07 - neumann_bc_loss_0: 3.4465e-08 - model_loss: 1.9788e-06 - val_loss: 3.2414e-06 - val_diff_eq_loss_0: 6.0028e-07 - val_ic_loss_0: 2.5474e-07 - val_dirichlet_bc_loss_0: 1.7917e-07 - val_neumann_bc_loss_0: 3.3987e-08 - val_model_loss: 1.9184e-06
Epoch 180/200
10000/10000 [==============================] - 1250s 119ms/step - loss: 3.0428e-06 - diff_eq_loss_0: 3.7146e-07 - ic_loss_0: 2.3061e-07 - dirichlet_bc_loss_0: 2.0085e-07 - neumann_bc_loss_0: 3.4423e-08 - model_loss: 1.9748e-06 - val_loss: 3.2513e-06 - val_diff_eq_loss_0: 6.3302e-07 - val_ic_loss_0: 2.4656e-07 - val_dirichlet_bc_loss_0: 1.7645e-07 - val_neumann_bc_loss_0: 3.3893e-08 - val_model_loss: 1.9148e-06
Epoch 181/200
10000/10000 [==============================] - 1256s 120ms/step - loss: 3.0352e-06 - diff_eq_loss_0: 3.6983e-07 - ic_loss_0: 2.2986e-07 - dirichlet_bc_loss_0: 2.0021e-07 - neumann_bc_loss_0: 3.4351e-08 - model_loss: 1.9710e-06 - val_loss: 3.2148e-06 - val_diff_eq_loss_0: 6.0493e-07 - val_ic_loss_0: 2.4397e-07 - val_dirichlet_bc_loss_0: 1.7690e-07 - val_neumann_bc_loss_0: 3.3963e-08 - val_model_loss: 1.9110e-06
Epoch 182/200
10000/10000 [==============================] - 1259s 120ms/step - loss: 3.0289e-06 - diff_eq_loss_0: 3.6897e-07 - ic_loss_0: 2.2936e-07 - dirichlet_bc_loss_0: 1.9958e-07 - neumann_bc_loss_0: 3.4299e-08 - model_loss: 1.9673e-06 - val_loss: 3.2374e-06 - val_diff_eq_loss_0: 6.2945e-07 - val_ic_loss_0: 2.4462e-07 - val_dirichlet_bc_loss_0: 1.7734e-07 - val_neumann_bc_loss_0: 3.3965e-08 - val_model_loss: 1.9074e-06
Epoch 183/200
10000/10000 [==============================] - 1258s 120ms/step - loss: 3.0199e-06 - diff_eq_loss_0: 3.6593e-07 - ic_loss_0: 2.2855e-07 - dirichlet_bc_loss_0: 1.9901e-07 - neumann_bc_loss_0: 3.4223e-08 - model_loss: 1.9637e-06 - val_loss: 3.2001e-06 - val_diff_eq_loss_0: 6.0035e-07 - val_ic_loss_0: 2.4355e-07 - val_dirichlet_bc_loss_0: 1.7510e-07 - val_neumann_bc_loss_0: 3.3694e-08 - val_model_loss: 1.9039e-06
Epoch 184/200
10000/10000 [==============================] - 1259s 120ms/step - loss: 3.0148e-06 - diff_eq_loss_0: 3.6654e-07 - ic_loss_0: 2.2780e-07 - dirichlet_bc_loss_0: 1.9842e-07 - neumann_bc_loss_0: 3.4176e-08 - model_loss: 1.9601e-06 - val_loss: 3.1971e-06 - val_diff_eq_loss_0: 5.9502e-07 - val_ic_loss_0: 2.4571e-07 - val_dirichlet_bc_loss_0: 1.7636e-07 - val_neumann_bc_loss_0: 3.3796e-08 - val_model_loss: 1.9005e-06
Epoch 185/200
10000/10000 [==============================] - 1267s 121ms/step - loss: 3.0077e-06 - diff_eq_loss_0: 3.6458e-07 - ic_loss_0: 2.2728e-07 - dirichlet_bc_loss_0: 1.9781e-07 - neumann_bc_loss_0: 3.4122e-08 - model_loss: 1.9567e-06 - val_loss: 3.2008e-06 - val_diff_eq_loss_0: 6.0860e-07 - val_ic_loss_0: 2.4446e-07 - val_dirichlet_bc_loss_0: 1.7290e-07 - val_neumann_bc_loss_0: 3.3505e-08 - val_model_loss: 1.8969e-06
Epoch 186/200
10000/10000 [==============================] - 1261s 120ms/step - loss: 3.0013e-06 - diff_eq_loss_0: 3.6319e-07 - ic_loss_0: 2.2674e-07 - dirichlet_bc_loss_0: 1.9731e-07 - neumann_bc_loss_0: 3.4060e-08 - model_loss: 1.9533e-06 - val_loss: 3.2009e-06 - val_diff_eq_loss_0: 6.0740e-07 - val_ic_loss_0: 2.4486e-07 - val_dirichlet_bc_loss_0: 1.7663e-07 - val_neumann_bc_loss_0: 3.3644e-08 - val_model_loss: 1.8935e-06
Epoch 187/200
10000/10000 [==============================] - 1253s 119ms/step - loss: 2.9958e-06 - diff_eq_loss_0: 3.6266e-07 - ic_loss_0: 2.2613e-07 - dirichlet_bc_loss_0: 1.9685e-07 - neumann_bc_loss_0: 3.4028e-08 - model_loss: 1.9500e-06 - val_loss: 3.2802e-06 - val_diff_eq_loss_0: 6.7017e-07 - val_ic_loss_0: 2.5149e-07 - val_dirichlet_bc_loss_0: 1.8329e-07 - val_neumann_bc_loss_0: 3.3722e-08 - val_model_loss: 1.8901e-06
Epoch 188/200
10000/10000 [==============================] - 1263s 120ms/step - loss: 2.9883e-06 - diff_eq_loss_0: 3.6045e-07 - ic_loss_0: 2.2544e-07 - dirichlet_bc_loss_0: 1.9624e-07 - neumann_bc_loss_0: 3.3964e-08 - model_loss: 1.9467e-06 - val_loss: 3.2041e-06 - val_diff_eq_loss_0: 6.1518e-07 - val_ic_loss_0: 2.4606e-07 - val_dirichlet_bc_loss_0: 1.7538e-07 - val_neumann_bc_loss_0: 3.3725e-08 - val_model_loss: 1.8877e-06
Epoch 189/200
10000/10000 [==============================] - 1267s 121ms/step - loss: 2.9826e-06 - diff_eq_loss_0: 3.5945e-07 - ic_loss_0: 2.2498e-07 - dirichlet_bc_loss_0: 1.9564e-07 - neumann_bc_loss_0: 3.3925e-08 - model_loss: 1.9436e-06 - val_loss: 3.1780e-06 - val_diff_eq_loss_0: 5.8946e-07 - val_ic_loss_0: 2.4653e-07 - val_dirichlet_bc_loss_0: 1.7760e-07 - val_neumann_bc_loss_0: 3.3529e-08 - val_model_loss: 1.8844e-06
Epoch 190/200
10000/10000 [==============================] - 1274s 121ms/step - loss: 2.9765e-06 - diff_eq_loss_0: 3.5815e-07 - ic_loss_0: 2.2434e-07 - dirichlet_bc_loss_0: 1.9535e-07 - neumann_bc_loss_0: 3.3853e-08 - model_loss: 1.9405e-06 - val_loss: 3.2055e-06 - val_diff_eq_loss_0: 6.2176e-07 - val_ic_loss_0: 2.4771e-07 - val_dirichlet_bc_loss_0: 1.7298e-07 - val_neumann_bc_loss_0: 3.3426e-08 - val_model_loss: 1.8819e-06
Epoch 191/200
10000/10000 [==============================] - 1250s 119ms/step - loss: 2.9709e-06 - diff_eq_loss_0: 3.5681e-07 - ic_loss_0: 2.2401e-07 - dirichlet_bc_loss_0: 1.9474e-07 - neumann_bc_loss_0: 3.3823e-08 - model_loss: 1.9375e-06 - val_loss: 3.2236e-06 - val_diff_eq_loss_0: 6.4304e-07 - val_ic_loss_0: 2.4667e-07 - val_dirichlet_bc_loss_0: 1.7560e-07 - val_neumann_bc_loss_0: 3.3238e-08 - val_model_loss: 1.8783e-06
Epoch 192/200
10000/10000 [==============================] - 1271s 121ms/step - loss: 2.9662e-06 - diff_eq_loss_0: 3.5655e-07 - ic_loss_0: 2.2346e-07 - dirichlet_bc_loss_0: 1.9433e-07 - neumann_bc_loss_0: 3.3785e-08 - model_loss: 1.9346e-06 - val_loss: 3.1750e-06 - val_diff_eq_loss_0: 6.0788e-07 - val_ic_loss_0: 2.4382e-07 - val_dirichlet_bc_loss_0: 1.7028e-07 - val_neumann_bc_loss_0: 3.3426e-08 - val_model_loss: 1.8758e-06
Epoch 193/200
10000/10000 [==============================] - 1263s 120ms/step - loss: 2.9606e-06 - diff_eq_loss_0: 3.5534e-07 - ic_loss_0: 2.2300e-07 - dirichlet_bc_loss_0: 1.9381e-07 - neumann_bc_loss_0: 3.3738e-08 - model_loss: 1.9317e-06 - val_loss: 3.2098e-06 - val_diff_eq_loss_0: 6.4845e-07 - val_ic_loss_0: 2.4241e-07 - val_dirichlet_bc_loss_0: 1.7033e-07 - val_neumann_bc_loss_0: 3.3367e-08 - val_model_loss: 1.8728e-06
Epoch 194/200
10000/10000 [==============================] - 1250s 119ms/step - loss: 2.9549e-06 - diff_eq_loss_0: 3.5398e-07 - ic_loss_0: 2.2245e-07 - dirichlet_bc_loss_0: 1.9338e-07 - neumann_bc_loss_0: 3.3690e-08 - model_loss: 1.9289e-06 - val_loss: 3.1702e-06 - val_diff_eq_loss_0: 6.0758e-07 - val_ic_loss_0: 2.4255e-07 - val_dirichlet_bc_loss_0: 1.7432e-07 - val_neumann_bc_loss_0: 3.3221e-08 - val_model_loss: 1.8700e-06
Epoch 195/200
10000/10000 [==============================] - 1264s 120ms/step - loss: 2.9498e-06 - diff_eq_loss_0: 3.5306e-07 - ic_loss_0: 2.2200e-07 - dirichlet_bc_loss_0: 1.9294e-07 - neumann_bc_loss_0: 3.3645e-08 - model_loss: 1.9262e-06 - val_loss: 3.2177e-06 - val_diff_eq_loss_0: 6.6364e-07 - val_ic_loss_0: 2.4088e-07 - val_dirichlet_bc_loss_0: 1.7137e-07 - val_neumann_bc_loss_0: 3.3217e-08 - val_model_loss: 1.8677e-06
Epoch 196/200
10000/10000 [==============================] - 1265s 120ms/step - loss: 2.9445e-06 - diff_eq_loss_0: 3.5204e-07 - ic_loss_0: 2.2136e-07 - dirichlet_bc_loss_0: 1.9257e-07 - neumann_bc_loss_0: 3.3601e-08 - model_loss: 1.9235e-06 - val_loss: 3.1850e-06 - val_diff_eq_loss_0: 6.3444e-07 - val_ic_loss_0: 2.4148e-07 - val_dirichlet_bc_loss_0: 1.6957e-07 - val_neumann_bc_loss_0: 3.3061e-08 - val_model_loss: 1.8650e-06
Epoch 197/200
10000/10000 [==============================] - 1267s 121ms/step - loss: 2.9401e-06 - diff_eq_loss_0: 3.5107e-07 - ic_loss_0: 2.2119e-07 - dirichlet_bc_loss_0: 1.9215e-07 - neumann_bc_loss_0: 3.3559e-08 - model_loss: 1.9209e-06 - val_loss: 3.1814e-06 - val_diff_eq_loss_0: 6.1246e-07 - val_ic_loss_0: 2.5139e-07 - val_dirichlet_bc_loss_0: 1.7035e-07 - val_neumann_bc_loss_0: 3.3273e-08 - val_model_loss: 1.8625e-06
Epoch 198/200
10000/10000 [==============================] - 1262s 120ms/step - loss: 2.9347e-06 - diff_eq_loss_0: 3.4979e-07 - ic_loss_0: 2.2064e-07 - dirichlet_bc_loss_0: 1.9170e-07 - neumann_bc_loss_0: 3.3524e-08 - model_loss: 1.9184e-06 - val_loss: 3.1847e-06 - val_diff_eq_loss_0: 6.3784e-07 - val_ic_loss_0: 2.4176e-07 - val_dirichlet_bc_loss_0: 1.7013e-07 - val_neumann_bc_loss_0: 3.3138e-08 - val_model_loss: 1.8600e-06
Epoch 199/200
10000/10000 [==============================] - 1254s 119ms/step - loss: 2.9313e-06 - diff_eq_loss_0: 3.4990e-07 - ic_loss_0: 2.2025e-07 - dirichlet_bc_loss_0: 1.9145e-07 - neumann_bc_loss_0: 3.3497e-08 - model_loss: 1.9159e-06 - val_loss: 3.1530e-06 - val_diff_eq_loss_0: 6.1576e-07 - val_ic_loss_0: 2.3739e-07 - val_dirichlet_bc_loss_0: 1.7185e-07 - val_neumann_bc_loss_0: 3.3089e-08 - val_model_loss: 1.8576e-06
Epoch 200/200
10000/10000 [==============================] - 1275s 121ms/step - loss: 2.9268e-06 - diff_eq_loss_0: 3.4894e-07 - ic_loss_0: 2.1993e-07 - dirichlet_bc_loss_0: 1.9106e-07 - neumann_bc_loss_0: 3.3463e-08 - model_loss: 1.9135e-06 - val_loss: 3.1432e-06 - val_diff_eq_loss_0: 6.0109e-07 - val_ic_loss_0: 2.4365e-07 - val_dirichlet_bc_loss_0: 1.6633e-07 - val_neumann_bc_loss_0: 3.3135e-08 - val_model_loss: 1.8553e-06
2500/2500 [==============================] - 133s 53ms/step - loss: 3.3753e-06 - diff_eq_loss_0: 8.7462e-07 - ic_loss_0: 2.1448e-07 - dirichlet_bc_loss_0: 1.7818e-07 - neumann_bc_loss_0: 3.1733e-08 - model_loss: 1.8617e-06
piml training completed in 252646.94416325068s
