WARNING:tensorflow:From /lustre/home/d171/s1984842/.conda/envs/s1984842/lib/python3.7/site-packages/tensorflow/python/compat/v2_compat.py:96: disable_resource_variables (from tensorflow.python.ops.variable_scope) is deprecated and will be removed in a future version.
Instructions for updating:
non-resource variables are not supported in the long term
WARNING:tensorflow:From /lustre/home/d171/s1984842/.conda/envs/s1984842/lib/python3.7/site-packages/tensorflow/python/compat/v2_compat.py:96: disable_resource_variables (from tensorflow.python.ops.variable_scope) is deprecated and will be removed in a future version.
Instructions for updating:
non-resource variables are not supported in the long term
WARNING:tensorflow:From /lustre/home/d171/s1984842/.conda/envs/s1984842/lib/python3.7/site-packages/tensorflow/python/compat/v2_compat.py:96: disable_resource_variables (from tensorflow.python.ops.variable_scope) is deprecated and will be removed in a future version.
Instructions for updating:
non-resource variables are not supported in the long term
WARNING:tensorflow:From /lustre/home/d171/s1984842/.conda/envs/s1984842/lib/python3.7/site-packages/tensorflow/python/compat/v2_compat.py:96: disable_resource_variables (from tensorflow.python.ops.variable_scope) is deprecated and will be removed in a future version.
Instructions for updating:
non-resource variables are not supported in the long term
2020-08-11 01:43:54.890934: I tensorflow/stream_executor/platform/default/dso_loader.cc:44] Successfully opened dynamic library libcuda.so.1
2020-08-11 01:43:54.890935: I tensorflow/stream_executor/platform/default/dso_loader.cc:44] Successfully opened dynamic library libcuda.so.1
2020-08-11 01:43:54.890934: I tensorflow/stream_executor/platform/default/dso_loader.cc:44] Successfully opened dynamic library libcuda.so.1
2020-08-11 01:43:55.175229: I tensorflow/core/common_runtime/gpu/gpu_device.cc:1561] Found device 0 with properties: 
pciBusID: 0000:1a:00.0 name: Tesla V100-SXM2-16GB computeCapability: 7.0
coreClock: 1.38GHz coreCount: 80 deviceMemorySize: 15.78GiB deviceMemoryBandwidth: 836.37GiB/s
2020-08-11 01:43:55.175229: I tensorflow/core/common_runtime/gpu/gpu_device.cc:1561] Found device 0 with properties: 
pciBusID: 0000:1a:00.0 name: Tesla V100-SXM2-16GB computeCapability: 7.0
coreClock: 1.38GHz coreCount: 80 deviceMemorySize: 15.78GiB deviceMemoryBandwidth: 836.37GiB/s
2020-08-11 01:43:55.175230: I tensorflow/core/common_runtime/gpu/gpu_device.cc:1561] Found device 0 with properties: 
pciBusID: 0000:1a:00.0 name: Tesla V100-SXM2-16GB computeCapability: 7.0
coreClock: 1.38GHz coreCount: 80 deviceMemorySize: 15.78GiB deviceMemoryBandwidth: 836.37GiB/s
2020-08-11 01:43:55.178298: I tensorflow/core/common_runtime/gpu/gpu_device.cc:1561] Found device 1 with properties: 
pciBusID: 0000:1c:00.0 name: Tesla V100-SXM2-16GB computeCapability: 7.0
coreClock: 1.38GHz coreCount: 80 deviceMemorySize: 15.78GiB deviceMemoryBandwidth: 836.37GiB/s
2020-08-11 01:43:55.178328: I tensorflow/core/common_runtime/gpu/gpu_device.cc:1561] Found device 1 with properties: 
pciBusID: 0000:1c:00.0 name: Tesla V100-SXM2-16GB computeCapability: 7.0
coreClock: 1.38GHz coreCount: 80 deviceMemorySize: 15.78GiB deviceMemoryBandwidth: 836.37GiB/s
2020-08-11 01:43:55.178360: I tensorflow/core/common_runtime/gpu/gpu_device.cc:1561] Found device 1 with properties: 
pciBusID: 0000:1c:00.0 name: Tesla V100-SXM2-16GB computeCapability: 7.0
coreClock: 1.38GHz coreCount: 80 deviceMemorySize: 15.78GiB deviceMemoryBandwidth: 836.37GiB/s
2020-08-11 01:43:55.181309: I tensorflow/core/common_runtime/gpu/gpu_device.cc:1561] Found device 2 with properties: 
pciBusID: 0000:88:00.0 name: Tesla V100-SXM2-16GB computeCapability: 7.0
coreClock: 1.38GHz coreCount: 80 deviceMemorySize: 15.78GiB deviceMemoryBandwidth: 836.37GiB/s
2020-08-11 01:43:55.181373: I tensorflow/core/common_runtime/gpu/gpu_device.cc:1561] Found device 2 with properties: 
pciBusID: 0000:88:00.0 name: Tesla V100-SXM2-16GB computeCapability: 7.0
coreClock: 1.38GHz coreCount: 80 deviceMemorySize: 15.78GiB deviceMemoryBandwidth: 836.37GiB/s
2020-08-11 01:43:55.181405: I tensorflow/core/common_runtime/gpu/gpu_device.cc:1561] Found device 2 with properties: 
pciBusID: 0000:88:00.0 name: Tesla V100-SXM2-16GB computeCapability: 7.0
coreClock: 1.38GHz coreCount: 80 deviceMemorySize: 15.78GiB deviceMemoryBandwidth: 836.37GiB/s
2020-08-11 01:43:55.184218: I tensorflow/core/common_runtime/gpu/gpu_device.cc:1561] Found device 3 with properties: 
pciBusID: 0000:8a:00.0 name: Tesla V100-SXM2-16GB computeCapability: 7.0
coreClock: 1.38GHz coreCount: 80 deviceMemorySize: 15.78GiB deviceMemoryBandwidth: 836.37GiB/s
2020-08-11 01:43:55.184348: I tensorflow/core/common_runtime/gpu/gpu_device.cc:1561] Found device 3 with properties: 
pciBusID: 0000:8a:00.0 name: Tesla V100-SXM2-16GB computeCapability: 7.0
coreClock: 1.38GHz coreCount: 80 deviceMemorySize: 15.78GiB deviceMemoryBandwidth: 836.37GiB/s
2020-08-11 01:43:55.184377: I tensorflow/core/common_runtime/gpu/gpu_device.cc:1561] Found device 3 with properties: 
pciBusID: 0000:8a:00.0 name: Tesla V100-SXM2-16GB computeCapability: 7.0
coreClock: 1.38GHz coreCount: 80 deviceMemorySize: 15.78GiB deviceMemoryBandwidth: 836.37GiB/s
2020-08-11 01:43:55.193026: I tensorflow/stream_executor/platform/default/dso_loader.cc:44] Successfully opened dynamic library libcudart.so.10.1
2020-08-11 01:43:55.193025: I tensorflow/stream_executor/platform/default/dso_loader.cc:44] Successfully opened dynamic library libcudart.so.10.1
2020-08-11 01:43:55.193103: I tensorflow/stream_executor/platform/default/dso_loader.cc:44] Successfully opened dynamic library libcudart.so.10.1
2020-08-11 01:43:55.196361: I tensorflow/stream_executor/platform/default/dso_loader.cc:44] Successfully opened dynamic library libcublas.so.10
2020-08-11 01:43:55.196374: I tensorflow/stream_executor/platform/default/dso_loader.cc:44] Successfully opened dynamic library libcublas.so.10
2020-08-11 01:43:55.196430: I tensorflow/stream_executor/platform/default/dso_loader.cc:44] Successfully opened dynamic library libcublas.so.10
2020-08-11 01:43:55.199568: I tensorflow/stream_executor/platform/default/dso_loader.cc:44] Successfully opened dynamic library libcufft.so.10
2020-08-11 01:43:55.199570: I tensorflow/stream_executor/platform/default/dso_loader.cc:44] Successfully opened dynamic library libcufft.so.10
2020-08-11 01:43:55.199569: I tensorflow/stream_executor/platform/default/dso_loader.cc:44] Successfully opened dynamic library libcufft.so.10
2020-08-11 01:43:55.312987: I tensorflow/stream_executor/platform/default/dso_loader.cc:44] Successfully opened dynamic library libcuda.so.1
2020-08-11 01:43:55.325643: I tensorflow/core/common_runtime/gpu/gpu_device.cc:1561] Found device 0 with properties: 
pciBusID: 0000:1a:00.0 name: Tesla V100-SXM2-16GB computeCapability: 7.0
coreClock: 1.38GHz coreCount: 80 deviceMemorySize: 15.78GiB deviceMemoryBandwidth: 836.37GiB/s
2020-08-11 01:43:55.326657: I tensorflow/core/common_runtime/gpu/gpu_device.cc:1561] Found device 1 with properties: 
pciBusID: 0000:1c:00.0 name: Tesla V100-SXM2-16GB computeCapability: 7.0
coreClock: 1.38GHz coreCount: 80 deviceMemorySize: 15.78GiB deviceMemoryBandwidth: 836.37GiB/s
2020-08-11 01:43:55.327664: I tensorflow/core/common_runtime/gpu/gpu_device.cc:1561] Found device 2 with properties: 
pciBusID: 0000:88:00.0 name: Tesla V100-SXM2-16GB computeCapability: 7.0
coreClock: 1.38GHz coreCount: 80 deviceMemorySize: 15.78GiB deviceMemoryBandwidth: 836.37GiB/s
2020-08-11 01:43:55.328687: I tensorflow/core/common_runtime/gpu/gpu_device.cc:1561] Found device 3 with properties: 
pciBusID: 0000:8a:00.0 name: Tesla V100-SXM2-16GB computeCapability: 7.0
coreClock: 1.38GHz coreCount: 80 deviceMemorySize: 15.78GiB deviceMemoryBandwidth: 836.37GiB/s
2020-08-11 01:43:55.329079: I tensorflow/stream_executor/platform/default/dso_loader.cc:44] Successfully opened dynamic library libcudart.so.10.1
2020-08-11 01:43:55.331161: I tensorflow/stream_executor/platform/default/dso_loader.cc:44] Successfully opened dynamic library libcublas.so.10
2020-08-11 01:43:55.333044: I tensorflow/stream_executor/platform/default/dso_loader.cc:44] Successfully opened dynamic library libcufft.so.10
2020-08-11 01:43:55.473946: I tensorflow/stream_executor/platform/default/dso_loader.cc:44] Successfully opened dynamic library libcurand.so.10
2020-08-11 01:43:55.473946: I tensorflow/stream_executor/platform/default/dso_loader.cc:44] Successfully opened dynamic library libcurand.so.10
2020-08-11 01:43:55.473947: I tensorflow/stream_executor/platform/default/dso_loader.cc:44] Successfully opened dynamic library libcurand.so.10
2020-08-11 01:43:55.473953: I tensorflow/stream_executor/platform/default/dso_loader.cc:44] Successfully opened dynamic library libcurand.so.10
2020-08-11 01:43:55.706042: I tensorflow/stream_executor/platform/default/dso_loader.cc:44] Successfully opened dynamic library libcusolver.so.10
2020-08-11 01:43:55.706042: I tensorflow/stream_executor/platform/default/dso_loader.cc:44] Successfully opened dynamic library libcusolver.so.10
2020-08-11 01:43:55.706041: I tensorflow/stream_executor/platform/default/dso_loader.cc:44] Successfully opened dynamic library libcusolver.so.10
2020-08-11 01:43:55.706682: I tensorflow/stream_executor/platform/default/dso_loader.cc:44] Successfully opened dynamic library libcusolver.so.10
2020-08-11 01:43:55.707967: I tensorflow/stream_executor/platform/default/dso_loader.cc:44] Successfully opened dynamic library libcusparse.so.10
2020-08-11 01:43:55.707969: I tensorflow/stream_executor/platform/default/dso_loader.cc:44] Successfully opened dynamic library libcusparse.so.10
2020-08-11 01:43:55.708063: I tensorflow/stream_executor/platform/default/dso_loader.cc:44] Successfully opened dynamic library libcusparse.so.10
2020-08-11 01:43:55.708074: I tensorflow/stream_executor/platform/default/dso_loader.cc:44] Successfully opened dynamic library libcusparse.so.10
2020-08-11 01:43:55.713461: I tensorflow/stream_executor/platform/default/dso_loader.cc:44] Successfully opened dynamic library libcudnn.so.7
2020-08-11 01:43:55.713455: I tensorflow/stream_executor/platform/default/dso_loader.cc:44] Successfully opened dynamic library libcudnn.so.7
2020-08-11 01:43:55.713463: I tensorflow/stream_executor/platform/default/dso_loader.cc:44] Successfully opened dynamic library libcudnn.so.7
2020-08-11 01:43:55.713463: I tensorflow/stream_executor/platform/default/dso_loader.cc:44] Successfully opened dynamic library libcudnn.so.7
2020-08-11 01:43:55.745279: I tensorflow/core/common_runtime/gpu/gpu_device.cc:1703] Adding visible gpu devices: 0, 1, 2, 3
2020-08-11 01:43:55.745342: I tensorflow/core/common_runtime/gpu/gpu_device.cc:1703] Adding visible gpu devices: 0, 1, 2, 3
2020-08-11 01:43:55.745405: I tensorflow/core/common_runtime/gpu/gpu_device.cc:1703] Adding visible gpu devices: 0, 1, 2, 3
2020-08-11 01:43:55.745436: I tensorflow/core/common_runtime/gpu/gpu_device.cc:1703] Adding visible gpu devices: 0, 1, 2, 3
WARNING:tensorflow:From /lustre/home/d171/s1984842/.conda/envs/s1984842/lib/python3.7/site-packages/tensorflow/python/ops/resource_variable_ops.py:1666: calling BaseResourceVariable.__init__ (from tensorflow.python.ops.resource_variable_ops) with constraint is deprecated and will be removed in a future version.
Instructions for updating:
If using Keras pass *_constraint arguments to layers.
WARNING:tensorflow:From /lustre/home/d171/s1984842/.conda/envs/s1984842/lib/python3.7/site-packages/tensorflow/python/ops/resource_variable_ops.py:1666: calling BaseResourceVariable.__init__ (from tensorflow.python.ops.resource_variable_ops) with constraint is deprecated and will be removed in a future version.
Instructions for updating:
If using Keras pass *_constraint arguments to layers.
WARNING:tensorflow:From /lustre/home/d171/s1984842/.conda/envs/s1984842/lib/python3.7/site-packages/tensorflow/python/ops/resource_variable_ops.py:1666: calling BaseResourceVariable.__init__ (from tensorflow.python.ops.resource_variable_ops) with constraint is deprecated and will be removed in a future version.
Instructions for updating:
If using Keras pass *_constraint arguments to layers.
WARNING:tensorflow:OMP_NUM_THREADS is no longer used by the default Keras config. To configure the number of threads, use tf.config.threading APIs.
WARNING:tensorflow:OMP_NUM_THREADS is no longer used by the default Keras config. To configure the number of threads, use tf.config.threading APIs.
2020-08-11 01:57:41.126688: I tensorflow/core/platform/cpu_feature_guard.cc:143] Your CPU supports instructions that this TensorFlow binary was not compiled to use: SSE4.1 SSE4.2 AVX AVX2 AVX512F FMA
WARNING:tensorflow:OMP_NUM_THREADS is no longer used by the default Keras config. To configure the number of threads, use tf.config.threading APIs.
2020-08-11 01:57:41.126801: I tensorflow/core/platform/cpu_feature_guard.cc:143] Your CPU supports instructions that this TensorFlow binary was not compiled to use: SSE4.1 SSE4.2 AVX AVX2 AVX512F FMA
2020-08-11 01:57:41.126970: I tensorflow/core/platform/cpu_feature_guard.cc:143] Your CPU supports instructions that this TensorFlow binary was not compiled to use: SSE4.1 SSE4.2 AVX AVX2 AVX512F FMA
2020-08-11 01:57:41.586694: I tensorflow/core/platform/profile_utils/cpu_utils.cc:102] CPU Frequency: 2500000000 Hz
2020-08-11 01:57:41.586690: I tensorflow/core/platform/profile_utils/cpu_utils.cc:102] CPU Frequency: 2500000000 Hz
2020-08-11 01:57:41.586691: I tensorflow/core/platform/profile_utils/cpu_utils.cc:102] CPU Frequency: 2500000000 Hz
2020-08-11 01:57:41.625009: I tensorflow/compiler/xla/service/service.cc:168] XLA service 0x5588a5d4ab10 initialized for platform Host (this does not guarantee that XLA will be used). Devices:
2020-08-11 01:57:41.625007: I tensorflow/compiler/xla/service/service.cc:168] XLA service 0x55d9832408a0 initialized for platform Host (this does not guarantee that XLA will be used). Devices:
2020-08-11 01:57:41.625007: I tensorflow/compiler/xla/service/service.cc:168] XLA service 0x564907fd8590 initialized for platform Host (this does not guarantee that XLA will be used). Devices:
2020-08-11 01:57:41.631607: I tensorflow/compiler/xla/service/service.cc:176]   StreamExecutor device (0): Host, Default Version
2020-08-11 01:57:41.631601: I tensorflow/compiler/xla/service/service.cc:176]   StreamExecutor device (0): Host, Default Version
2020-08-11 01:57:41.631603: I tensorflow/compiler/xla/service/service.cc:176]   StreamExecutor device (0): Host, Default Version
2020-08-11 01:57:41.662071: I tensorflow/core/common_runtime/gpu/gpu_device.cc:1561] Found device 0 with properties: 
pciBusID: 0000:88:00.0 name: Tesla V100-SXM2-16GB computeCapability: 7.0
coreClock: 1.38GHz coreCount: 80 deviceMemorySize: 15.78GiB deviceMemoryBandwidth: 836.37GiB/s
2020-08-11 01:57:41.662146: I tensorflow/core/common_runtime/gpu/gpu_device.cc:1561] Found device 0 with properties: 
pciBusID: 0000:1c:00.0 name: Tesla V100-SXM2-16GB computeCapability: 7.0
coreClock: 1.38GHz coreCount: 80 deviceMemorySize: 15.78GiB deviceMemoryBandwidth: 836.37GiB/s
2020-08-11 01:57:41.662181: I tensorflow/core/common_runtime/gpu/gpu_device.cc:1561] Found device 0 with properties: 
pciBusID: 0000:8a:00.0 name: Tesla V100-SXM2-16GB computeCapability: 7.0
coreClock: 1.38GHz coreCount: 80 deviceMemorySize: 15.78GiB deviceMemoryBandwidth: 836.37GiB/s
2020-08-11 01:57:41.670948: I tensorflow/stream_executor/platform/default/dso_loader.cc:44] Successfully opened dynamic library libcudart.so.10.1
2020-08-11 01:57:41.670952: I tensorflow/stream_executor/platform/default/dso_loader.cc:44] Successfully opened dynamic library libcudart.so.10.1
2020-08-11 01:57:41.670980: I tensorflow/stream_executor/platform/default/dso_loader.cc:44] Successfully opened dynamic library libcublas.so.10
2020-08-11 01:57:41.670973: I tensorflow/stream_executor/platform/default/dso_loader.cc:44] Successfully opened dynamic library libcublas.so.10
2020-08-11 01:57:41.670988: I tensorflow/stream_executor/platform/default/dso_loader.cc:44] Successfully opened dynamic library libcufft.so.10
2020-08-11 01:57:41.671000: I tensorflow/stream_executor/platform/default/dso_loader.cc:44] Successfully opened dynamic library libcurand.so.10
2020-08-11 01:57:41.670994: I tensorflow/stream_executor/platform/default/dso_loader.cc:44] Successfully opened dynamic library libcufft.so.10
2020-08-11 01:57:41.670959: I tensorflow/stream_executor/platform/default/dso_loader.cc:44] Successfully opened dynamic library libcudart.so.10.1
2020-08-11 01:57:41.670978: I tensorflow/stream_executor/platform/default/dso_loader.cc:44] Successfully opened dynamic library libcublas.so.10
2020-08-11 01:57:41.670992: I tensorflow/stream_executor/platform/default/dso_loader.cc:44] Successfully opened dynamic library libcufft.so.10
2020-08-11 01:57:41.671011: I tensorflow/stream_executor/platform/default/dso_loader.cc:44] Successfully opened dynamic library libcurand.so.10
2020-08-11 01:57:41.671012: I tensorflow/stream_executor/platform/default/dso_loader.cc:44] Successfully opened dynamic library libcusolver.so.10
2020-08-11 01:57:41.671025: I tensorflow/stream_executor/platform/default/dso_loader.cc:44] Successfully opened dynamic library libcusparse.so.10
2020-08-11 01:57:41.671008: I tensorflow/stream_executor/platform/default/dso_loader.cc:44] Successfully opened dynamic library libcurand.so.10
2020-08-11 01:57:41.671020: I tensorflow/stream_executor/platform/default/dso_loader.cc:44] Successfully opened dynamic library libcusolver.so.10
2020-08-11 01:57:41.671032: I tensorflow/stream_executor/platform/default/dso_loader.cc:44] Successfully opened dynamic library libcusparse.so.10
2020-08-11 01:57:41.671024: I tensorflow/stream_executor/platform/default/dso_loader.cc:44] Successfully opened dynamic library libcusolver.so.10
2020-08-11 01:57:41.671037: I tensorflow/stream_executor/platform/default/dso_loader.cc:44] Successfully opened dynamic library libcusparse.so.10
2020-08-11 01:57:41.671049: I tensorflow/stream_executor/platform/default/dso_loader.cc:44] Successfully opened dynamic library libcudnn.so.7
2020-08-11 01:57:41.671039: I tensorflow/stream_executor/platform/default/dso_loader.cc:44] Successfully opened dynamic library libcudnn.so.7
2020-08-11 01:57:41.671047: I tensorflow/stream_executor/platform/default/dso_loader.cc:44] Successfully opened dynamic library libcudnn.so.7
2020-08-11 01:57:41.677176: I tensorflow/core/common_runtime/gpu/gpu_device.cc:1703] Adding visible gpu devices: 1
2020-08-11 01:57:41.677214: I tensorflow/stream_executor/platform/default/dso_loader.cc:44] Successfully opened dynamic library libcudart.so.10.1
2020-08-11 01:57:41.677326: I tensorflow/core/common_runtime/gpu/gpu_device.cc:1703] Adding visible gpu devices: 3
2020-08-11 01:57:41.677360: I tensorflow/core/common_runtime/gpu/gpu_device.cc:1703] Adding visible gpu devices: 2
2020-08-11 01:57:41.677380: I tensorflow/stream_executor/platform/default/dso_loader.cc:44] Successfully opened dynamic library libcudart.so.10.1
2020-08-11 01:57:41.677410: I tensorflow/stream_executor/platform/default/dso_loader.cc:44] Successfully opened dynamic library libcudart.so.10.1
2020-08-11 01:57:41.907282: I tensorflow/core/common_runtime/gpu/gpu_device.cc:1102] Device interconnect StreamExecutor with strength 1 edge matrix:
2020-08-11 01:57:41.907325: I tensorflow/core/common_runtime/gpu/gpu_device.cc:1108]      1 
2020-08-11 01:57:41.907338: I tensorflow/core/common_runtime/gpu/gpu_device.cc:1121] 1:   N 
2020-08-11 01:57:41.912173: I tensorflow/core/common_runtime/gpu/gpu_device.cc:1247] Created TensorFlow device (/job:localhost/replica:0/task:0/device:GPU:0 with 14893 MB memory) -> physical GPU (device: 1, name: Tesla V100-SXM2-16GB, pci bus id: 0000:1c:00.0, compute capability: 7.0)
2020-08-11 01:57:41.912170: I tensorflow/core/common_runtime/gpu/gpu_device.cc:1102] Device interconnect StreamExecutor with strength 1 edge matrix:
2020-08-11 01:57:41.912195: I tensorflow/core/common_runtime/gpu/gpu_device.cc:1108]      2 
2020-08-11 01:57:41.912207: I tensorflow/core/common_runtime/gpu/gpu_device.cc:1121] 2:   N 
2020-08-11 01:57:41.912181: I tensorflow/core/common_runtime/gpu/gpu_device.cc:1102] Device interconnect StreamExecutor with strength 1 edge matrix:
2020-08-11 01:57:41.912213: I tensorflow/core/common_runtime/gpu/gpu_device.cc:1108]      3 
2020-08-11 01:57:41.912227: I tensorflow/core/common_runtime/gpu/gpu_device.cc:1121] 3:   N 
2020-08-11 01:57:41.918627: I tensorflow/core/common_runtime/gpu/gpu_device.cc:1247] Created TensorFlow device (/job:localhost/replica:0/task:0/device:GPU:0 with 14893 MB memory) -> physical GPU (device: 2, name: Tesla V100-SXM2-16GB, pci bus id: 0000:88:00.0, compute capability: 7.0)
2020-08-11 01:57:41.918727: I tensorflow/core/common_runtime/gpu/gpu_device.cc:1247] Created TensorFlow device (/job:localhost/replica:0/task:0/device:GPU:0 with 14893 MB memory) -> physical GPU (device: 3, name: Tesla V100-SXM2-16GB, pci bus id: 0000:8a:00.0, compute capability: 7.0)
2020-08-11 01:57:41.920038: I tensorflow/compiler/xla/service/service.cc:168] XLA service 0x5588e7502120 initialized for platform CUDA (this does not guarantee that XLA will be used). Devices:
2020-08-11 01:57:41.920063: I tensorflow/compiler/xla/service/service.cc:176]   StreamExecutor device (0): Tesla V100-SXM2-16GB, Compute Capability 7.0
2020-08-11 01:57:41.920730: I tensorflow/compiler/xla/service/service.cc:168] XLA service 0x55d9e1fd3ef0 initialized for platform CUDA (this does not guarantee that XLA will be used). Devices:
2020-08-11 01:57:41.920750: I tensorflow/compiler/xla/service/service.cc:176]   StreamExecutor device (0): Tesla V100-SXM2-16GB, Compute Capability 7.0
2020-08-11 01:57:41.921262: I tensorflow/compiler/xla/service/service.cc:168] XLA service 0x56492dd9d580 initialized for platform CUDA (this does not guarantee that XLA will be used). Devices:
2020-08-11 01:57:41.921285: I tensorflow/compiler/xla/service/service.cc:176]   StreamExecutor device (0): Tesla V100-SXM2-16GB, Compute Capability 7.0
WARNING:tensorflow:From /lustre/home/d171/s1984842/.conda/envs/s1984842/lib/python3.7/site-packages/tensorflow/python/ops/resource_variable_ops.py:1666: calling BaseResourceVariable.__init__ (from tensorflow.python.ops.resource_variable_ops) with constraint is deprecated and will be removed in a future version.
Instructions for updating:
If using Keras pass *_constraint arguments to layers.
WARNING:tensorflow:OMP_NUM_THREADS is no longer used by the default Keras config. To configure the number of threads, use tf.config.threading APIs.
2020-08-11 01:57:42.217789: I tensorflow/core/platform/cpu_feature_guard.cc:143] Your CPU supports instructions that this TensorFlow binary was not compiled to use: SSE4.1 SSE4.2 AVX AVX2 AVX512F FMA
2020-08-11 01:57:42.229001: I tensorflow/core/platform/profile_utils/cpu_utils.cc:102] CPU Frequency: 2500000000 Hz
2020-08-11 01:57:42.233633: I tensorflow/compiler/xla/service/service.cc:168] XLA service 0x55b36d8e1380 initialized for platform Host (this does not guarantee that XLA will be used). Devices:
2020-08-11 01:57:42.233662: I tensorflow/compiler/xla/service/service.cc:176]   StreamExecutor device (0): Host, Default Version
2020-08-11 01:57:42.234854: I tensorflow/core/common_runtime/gpu/gpu_device.cc:1561] Found device 0 with properties: 
pciBusID: 0000:1a:00.0 name: Tesla V100-SXM2-16GB computeCapability: 7.0
coreClock: 1.38GHz coreCount: 80 deviceMemorySize: 15.78GiB deviceMemoryBandwidth: 836.37GiB/s
2020-08-11 01:57:42.234933: I tensorflow/stream_executor/platform/default/dso_loader.cc:44] Successfully opened dynamic library libcudart.so.10.1
2020-08-11 01:57:42.234948: I tensorflow/stream_executor/platform/default/dso_loader.cc:44] Successfully opened dynamic library libcublas.so.10
2020-08-11 01:57:42.234960: I tensorflow/stream_executor/platform/default/dso_loader.cc:44] Successfully opened dynamic library libcufft.so.10
2020-08-11 01:57:42.234972: I tensorflow/stream_executor/platform/default/dso_loader.cc:44] Successfully opened dynamic library libcurand.so.10
2020-08-11 01:57:42.234983: I tensorflow/stream_executor/platform/default/dso_loader.cc:44] Successfully opened dynamic library libcusolver.so.10
2020-08-11 01:57:42.234995: I tensorflow/stream_executor/platform/default/dso_loader.cc:44] Successfully opened dynamic library libcusparse.so.10
2020-08-11 01:57:42.235007: I tensorflow/stream_executor/platform/default/dso_loader.cc:44] Successfully opened dynamic library libcudnn.so.7
2020-08-11 01:57:42.236893: I tensorflow/core/common_runtime/gpu/gpu_device.cc:1703] Adding visible gpu devices: 0
2020-08-11 01:57:42.236933: I tensorflow/stream_executor/platform/default/dso_loader.cc:44] Successfully opened dynamic library libcudart.so.10.1
2020-08-11 01:57:42.335331: I tensorflow/core/common_runtime/gpu/gpu_device.cc:1102] Device interconnect StreamExecutor with strength 1 edge matrix:
2020-08-11 01:57:42.335370: I tensorflow/core/common_runtime/gpu/gpu_device.cc:1108]      0 
2020-08-11 01:57:42.335382: I tensorflow/core/common_runtime/gpu/gpu_device.cc:1121] 0:   N 
2020-08-11 01:57:42.338465: I tensorflow/core/common_runtime/gpu/gpu_device.cc:1247] Created TensorFlow device (/job:localhost/replica:0/task:0/device:GPU:0 with 14893 MB memory) -> physical GPU (device: 0, name: Tesla V100-SXM2-16GB, pci bus id: 0000:1a:00.0, compute capability: 7.0)
2020-08-11 01:57:42.340587: I tensorflow/compiler/xla/service/service.cc:168] XLA service 0x55b3a3966600 initialized for platform CUDA (this does not guarantee that XLA will be used). Devices:
2020-08-11 01:57:42.340614: I tensorflow/compiler/xla/service/service.cc:176]   StreamExecutor device (0): Tesla V100-SXM2-16GB, Compute Capability 7.0
2020-08-11 01:57:48.780833: I tensorflow/stream_executor/platform/default/dso_loader.cc:44] Successfully opened dynamic library libcublas.so.10
2020-08-11 01:57:48.780911: I tensorflow/stream_executor/platform/default/dso_loader.cc:44] Successfully opened dynamic library libcublas.so.10
2020-08-11 01:57:48.795659: I tensorflow/stream_executor/platform/default/dso_loader.cc:44] Successfully opened dynamic library libcublas.so.10
2020-08-11 01:57:48.840015: I tensorflow/stream_executor/platform/default/dso_loader.cc:44] Successfully opened dynamic library libcublas.so.10
Using TensorFlow 2 backend.

Experiment: cahn_hilliard; processes: 4
Trial: 0; seed: 541016860
ML lr training completed in 92.2153639793396s
ML lr train loss: 0.08076483774669249
ML lr test loss: 0.08106478965723175
ML rf50 training completed in 94.83369612693787s
ML rf50 train loss: 0.003870924672665747
ML rf50 test loss: 0.009226259727989869
ML rf250 training completed in 108.4130609035492s
ML rf250 train loss: 0.003488015839586122
ML rf250 test loss: 0.009078214599412708
ML rf500 training completed in 125.0021460056305s
ML rf500 train loss: 0.0036183561363047376
ML rf500 test loss: 0.009496942328319723
ML bt100 training completed in 96.23216891288757s
ML bt100 train loss: 0.05309903328686162
ML bt100 test loss: 0.05378445732191276
ML bt250 training completed in 102.84941387176514s
ML bt250 train loss: 0.04579163287573272
ML bt250 test loss: 0.04577698451497423
ML bt500 training completed in 114.01343297958374s
ML bt500 train loss: 0.039218778930893324
ML bt500 test loss: 0.03999738390462369
ML fnn1 training completed in 450.8466398715973s
ML fnn1 train loss: 0.039224354864762785
ML fnn1 test loss: 0.03981339298905951
ML fnn3 training completed in 521.2146520614624s
ML fnn3 train loss: 0.012430020099457439
ML fnn3 test loss: 0.01301054946703753
ML fnn5 training completed in 591.6021189689636s
ML fnn5 train loss: 0.006799355015428732
ML fnn5 test loss: 0.00700049211605244
Solution round: 0
Fine solver completed in 22.21730089187622s
Coarse solver completed in 4.425390958786011s
Parareal solver completed in 15.920430898666382s
ML lr solver completed in 0.003033876419067383s
Parareal ML lr solver completed in 22.4665310382843s
ML rf50 solver completed in 0.05605602264404297s
Parareal ML rf50 solver completed in 22.74363422393799s
ML rf250 solver completed in 0.26635098457336426s
Parareal ML rf250 solver completed in 23.895047903060913s
ML rf500 solver completed in 0.5227358341217041s
Parareal ML rf500 solver completed in 25.305885076522827s
ML bt100 solver completed in 0.008273839950561523s
Parareal ML bt100 solver completed in 22.496155977249146s
ML bt250 solver completed in 0.012954950332641602s
Parareal ML bt250 solver completed in 22.483079195022583s
ML bt500 solver completed in 0.020938873291015625s
Parareal ML bt500 solver completed in 22.558873891830444s
ML fnn1 solver completed in 0.018035173416137695s
Parareal ML fnn1 solver completed in 22.53689193725586s
ML fnn3 solver completed in 0.01851511001586914s
Parareal ML fnn3 solver completed in 5.6121461391448975s
ML fnn5 solver completed in 0.02050495147705078s
Parareal ML fnn5 solver completed in 5.624226093292236s
Solution round: 1
Fine solver completed in 22.08782196044922s
Coarse solver completed in 4.409106969833374s
Parareal solver completed in 15.756855010986328s
ML lr solver completed in 0.00302886962890625s
Parareal ML lr solver completed in 22.245950937271118s
ML rf50 solver completed in 0.05609607696533203s
Parareal ML rf50 solver completed in 22.495431900024414s
ML rf250 solver completed in 0.26657700538635254s
Parareal ML rf250 solver completed in 23.805052042007446s
ML rf500 solver completed in 0.5510258674621582s
Parareal ML rf500 solver completed in 25.094165086746216s
ML bt100 solver completed in 0.008247852325439453s
Parareal ML bt100 solver completed in 22.290592193603516s
ML bt250 solver completed in 0.01301884651184082s
Parareal ML bt250 solver completed in 22.307496070861816s
ML bt500 solver completed in 0.02082085609436035s
Parareal ML bt500 solver completed in 22.461721897125244s
ML fnn1 solver completed in 0.01817011833190918s
Parareal ML fnn1 solver completed in 22.328465938568115s
ML fnn3 solver completed in 0.018797874450683594s
Parareal ML fnn3 solver completed in 5.56848406791687s
ML fnn5 solver completed in 0.019704103469848633s
Parareal ML fnn5 solver completed in 5.578643083572388s
Solution round: 2
Fine solver completed in 22.068241834640503s
Coarse solver completed in 4.406563997268677s
Parareal solver completed in 15.732181072235107s
ML lr solver completed in 0.0030088424682617188s
Parareal ML lr solver completed in 22.244469165802002s
ML rf50 solver completed in 0.05591702461242676s
Parareal ML rf50 solver completed in 22.609489917755127s
ML rf250 solver completed in 0.2688920497894287s
Parareal ML rf250 solver completed in 23.8084819316864s
ML rf500 solver completed in 0.5250720977783203s
Parareal ML rf500 solver completed in 25.077590942382812s
ML bt100 solver completed in 0.008291959762573242s
Parareal ML bt100 solver completed in 22.273117065429688s
ML bt250 solver completed in 0.01320791244506836s
Parareal ML bt250 solver completed in 22.29994297027588s
ML bt500 solver completed in 0.020927906036376953s
Parareal ML bt500 solver completed in 22.454790115356445s
ML fnn1 solver completed in 0.018194913864135742s
Parareal ML fnn1 solver completed in 22.45984196662903s
ML fnn3 solver completed in 0.018172025680541992s
Parareal ML fnn3 solver completed in 5.566910982131958s
ML fnn5 solver completed in 0.020001888275146484s
Parareal ML fnn5 solver completed in 5.578763961791992s
Solution round: 3
Fine solver completed in 22.040210008621216s
Coarse solver completed in 4.403304100036621s
Parareal solver completed in 15.89673399925232s
ML lr solver completed in 0.0030260086059570312s
Parareal ML lr solver completed in 22.213983058929443s
ML rf50 solver completed in 0.056221961975097656s
Parareal ML rf50 solver completed in 22.488245010375977s
ML rf250 solver completed in 0.26775193214416504s
Parareal ML rf250 solver completed in 23.802438974380493s
ML rf500 solver completed in 0.527846097946167s
Parareal ML rf500 solver completed in 25.22069501876831s
ML bt100 solver completed in 0.008252859115600586s
Parareal ML bt100 solver completed in 22.38808012008667s
ML bt250 solver completed in 0.01305699348449707s
Parareal ML bt250 solver completed in 22.302003145217896s
ML bt500 solver completed in 0.020843982696533203s
Parareal ML bt500 solver completed in 22.44779086112976s
ML fnn1 solver completed in 0.018049001693725586s
Parareal ML fnn1 solver completed in 22.458136081695557s
ML fnn3 solver completed in 0.01854395866394043s
Parareal ML fnn3 solver completed in 5.5717620849609375s
ML fnn5 solver completed in 0.020740032196044922s
Parareal ML fnn5 solver completed in 5.585797071456909s
Trial: 1; seed: 434342745
ML lr training completed in 91.08831882476807s
ML lr train loss: 0.08080442063749053
ML lr test loss: 0.08109108682801493
ML rf50 training completed in 94.39211702346802s
ML rf50 train loss: 0.003914738265093054
ML rf50 test loss: 0.009470988769958619
ML rf250 training completed in 107.38697791099548s
ML rf250 train loss: 0.0035003548897533203
ML rf250 test loss: 0.009753656146754223
ML rf500 training completed in 124.2132921218872s
ML rf500 train loss: 0.003605551803879626
ML rf500 test loss: 0.009331104867395107
ML bt100 training completed in 95.8127498626709s
ML bt100 train loss: 0.052878446954571195
ML bt100 test loss: 0.05357155482500911
ML bt250 training completed in 102.27151918411255s
ML bt250 train loss: 0.04550026632079
ML bt250 test loss: 0.04721621128755811
ML bt500 training completed in 113.13317084312439s
ML bt500 train loss: 0.039750056310840824
ML bt500 test loss: 0.040436432700520775
ML fnn1 training completed in 450.6748580932617s
ML fnn1 train loss: 0.03753324121950927
ML fnn1 test loss: 0.03743085880316873
ML fnn3 training completed in 526.2984700202942s
ML fnn3 train loss: 0.010067295215251206
ML fnn3 test loss: 0.01038548563296135
ML fnn5 training completed in 594.783933877945s
ML fnn5 train loss: 0.007689910798679825
ML fnn5 test loss: 0.007977491588461448
Solution round: 0
Fine solver completed in 22.192906141281128s
Coarse solver completed in 4.427033185958862s
Parareal solver completed in 15.882633924484253s
ML lr solver completed in 0.0030701160430908203s
Parareal ML lr solver completed in 22.425342082977295s
ML rf50 solver completed in 0.057852983474731445s
Parareal ML rf50 solver completed in 22.74536895751953s
ML rf250 solver completed in 0.27257394790649414s
Parareal ML rf250 solver completed in 23.736464023590088s
ML rf500 solver completed in 0.5392968654632568s
Parareal ML rf500 solver completed in 25.04894709587097s
ML bt100 solver completed in 0.008378028869628906s
Parareal ML bt100 solver completed in 22.5885591506958s
ML bt250 solver completed in 0.013319969177246094s
Parareal ML bt250 solver completed in 22.35191011428833s
ML bt500 solver completed in 0.021509885787963867s
Parareal ML bt500 solver completed in 22.631038904190063s
ML fnn1 solver completed in 0.018412113189697266s
Parareal ML fnn1 solver completed in 22.507221937179565s
ML fnn3 solver completed in 0.018573999404907227s
Parareal ML fnn3 solver completed in 5.589786052703857s
ML fnn5 solver completed in 0.019928932189941406s
Parareal ML fnn5 solver completed in 5.725712060928345s
Solution round: 1
Fine solver completed in 22.09745502471924s
Coarse solver completed in 4.541726112365723s
Parareal solver completed in 15.886704921722412s
ML lr solver completed in 0.0036559104919433594s
Parareal ML lr solver completed in 22.442721843719482s
ML rf50 solver completed in 0.05545401573181152s
Parareal ML rf50 solver completed in 22.63496494293213s
ML rf250 solver completed in 0.2583608627319336s
Parareal ML rf250 solver completed in 23.599313020706177s
ML rf500 solver completed in 0.5237431526184082s
Parareal ML rf500 solver completed in 25.04081702232361s
ML bt100 solver completed in 0.008308887481689453s
Parareal ML bt100 solver completed in 22.57677412033081s
ML bt250 solver completed in 0.013316869735717773s
Parareal ML bt250 solver completed in 22.484741926193237s
ML bt500 solver completed in 0.02159595489501953s
Parareal ML bt500 solver completed in 22.527307987213135s
ML fnn1 solver completed in 0.01848602294921875s
Parareal ML fnn1 solver completed in 22.513803005218506s
ML fnn3 solver completed in 0.01889801025390625s
Parareal ML fnn3 solver completed in 5.690348863601685s
ML fnn5 solver completed in 0.019988059997558594s
Parareal ML fnn5 solver completed in 5.602323055267334s
Solution round: 2
Fine solver completed in 22.153608083724976s
Coarse solver completed in 4.5340540409088135s
Parareal solver completed in 15.926831007003784s
ML lr solver completed in 0.003103017807006836s
Parareal ML lr solver completed in 22.5000741481781s
ML rf50 solver completed in 0.05524086952209473s
Parareal ML rf50 solver completed in 22.633175134658813s
ML rf250 solver completed in 0.25905394554138184s
Parareal ML rf250 solver completed in 23.708105087280273s
ML rf500 solver completed in 0.5126090049743652s
Parareal ML rf500 solver completed in 25.13257384300232s
ML bt100 solver completed in 0.008411884307861328s
Parareal ML bt100 solver completed in 22.561251163482666s
ML bt250 solver completed in 0.013303995132446289s
Parareal ML bt250 solver completed in 22.491644144058228s
ML bt500 solver completed in 0.021689891815185547s
Parareal ML bt500 solver completed in 22.608042001724243s
ML fnn1 solver completed in 0.018481969833374023s
Parareal ML fnn1 solver completed in 22.614503860473633s
ML fnn3 solver completed in 0.019052982330322266s
Parareal ML fnn3 solver completed in 5.595193147659302s
ML fnn5 solver completed in 0.019948959350585938s
Parareal ML fnn5 solver completed in 5.702989101409912s
Solution round: 3
Fine solver completed in 22.14737296104431s
Coarse solver completed in 4.519019842147827s
Parareal solver completed in 15.93766713142395s
ML lr solver completed in 0.0030829906463623047s
Parareal ML lr solver completed in 22.509235858917236s
ML rf50 solver completed in 0.054971933364868164s
Parareal ML rf50 solver completed in 22.774983882904053s
ML rf250 solver completed in 0.25913095474243164s
Parareal ML rf250 solver completed in 23.776506900787354s
ML rf500 solver completed in 0.5135741233825684s
Parareal ML rf500 solver completed in 25.049313068389893s
ML bt100 solver completed in 0.008338212966918945s
Parareal ML bt100 solver completed in 22.555211067199707s
ML bt250 solver completed in 0.013291120529174805s
Parareal ML bt250 solver completed in 22.456904888153076s
ML bt500 solver completed in 0.02141594886779785s
Parareal ML bt500 solver completed in 22.502726078033447s
ML fnn1 solver completed in 0.018279075622558594s
Parareal ML fnn1 solver completed in 22.508105993270874s
ML fnn3 solver completed in 0.019240140914916992s
Parareal ML fnn3 solver completed in 5.706940174102783s
ML fnn5 solver completed in 0.01999688148498535s
Parareal ML fnn5 solver completed in 5.605268955230713s
Trial: 2; seed: 1462316
ML lr training completed in 91.2975549697876s
ML lr train loss: 0.08086791965416756
ML lr test loss: 0.08088089435561446
ML rf50 training completed in 94.52368593215942s
ML rf50 train loss: 0.0037868147737746645
ML rf50 test loss: 0.009268913382945861
ML rf250 training completed in 107.64809608459473s
ML rf250 train loss: 0.0036389568386021153
ML rf250 test loss: 0.009868665366224896
ML rf500 training completed in 124.05095076560974s
ML rf500 train loss: 0.0035010423199433064
ML rf500 test loss: 0.009589276429395607
ML bt100 training completed in 95.76670908927917s
ML bt100 train loss: 0.0531085657561008
ML bt100 test loss: 0.053497618693811394
ML bt250 training completed in 102.47339606285095s
ML bt250 train loss: 0.04661031383877014
ML bt250 test loss: 0.047149049859519516
ML bt500 training completed in 113.27243685722351s
ML bt500 train loss: 0.039321490139475855
ML bt500 test loss: 0.03985622374991547
ML fnn1 training completed in 462.3648250102997s
ML fnn1 train loss: 0.03751819632203735
ML fnn1 test loss: 0.03779676125492728
ML fnn3 training completed in 528.3331940174103s
ML fnn3 train loss: 0.00993463255078793
ML fnn3 test loss: 0.010262800061919637
ML fnn5 training completed in 589.6093139648438s
ML fnn5 train loss: 0.0058342979342641075
ML fnn5 test loss: 0.006093380107226627
Solution round: 0
Fine solver completed in 22.201444149017334s
Coarse solver completed in 4.550801992416382s
Parareal solver completed in 15.952662944793701s
ML lr solver completed in 0.0031311511993408203s
Parareal ML lr solver completed in 22.633485794067383s
ML rf50 solver completed in 0.057299137115478516s
Parareal ML rf50 solver completed in 22.74657392501831s
ML rf250 solver completed in 0.26347899436950684s
Parareal ML rf250 solver completed in 23.985311031341553s
ML rf500 solver completed in 0.5192370414733887s
Parareal ML rf500 solver completed in 25.40697193145752s
ML bt100 solver completed in 0.008592844009399414s
Parareal ML bt100 solver completed in 22.62800693511963s
ML bt250 solver completed in 0.013506889343261719s
Parareal ML bt250 solver completed in 22.623136043548584s
ML bt500 solver completed in 0.02195000648498535s
Parareal ML bt500 solver completed in 22.617568016052246s
ML fnn1 solver completed in 0.01872086524963379s
Parareal ML fnn1 solver completed in 22.667067050933838s
ML fnn3 solver completed in 0.018558025360107422s
Parareal ML fnn3 solver completed in 5.742633104324341s
ML fnn5 solver completed in 0.01979804039001465s
Parareal ML fnn5 solver completed in 5.60654091835022s
Solution round: 1
Fine solver completed in 22.105536937713623s
Coarse solver completed in 4.575899124145508s
Parareal solver completed in 16.058543920516968s
ML lr solver completed in 0.0030541419982910156s
Parareal ML lr solver completed in 22.586405038833618s
ML rf50 solver completed in 0.05533003807067871s
Parareal ML rf50 solver completed in 22.76896095275879s
ML rf250 solver completed in 0.2648301124572754s
Parareal ML rf250 solver completed in 23.993871927261353s
ML rf500 solver completed in 0.5214760303497314s
Parareal ML rf500 solver completed in 25.39074397087097s
ML bt100 solver completed in 0.008349895477294922s
Parareal ML bt100 solver completed in 22.48602604866028s
ML bt250 solver completed in 0.013671875s
Parareal ML bt250 solver completed in 22.61496090888977s
ML bt500 solver completed in 0.022207975387573242s
Parareal ML bt500 solver completed in 22.57037901878357s
ML fnn1 solver completed in 0.018198013305664062s
Parareal ML fnn1 solver completed in 22.664116859436035s
ML fnn3 solver completed in 0.018400907516479492s
Parareal ML fnn3 solver completed in 5.696049928665161s
ML fnn5 solver completed in 0.01986384391784668s
Parareal ML fnn5 solver completed in 5.711302995681763s
Solution round: 2
Fine solver completed in 22.159339904785156s
Coarse solver completed in 4.519927978515625s
Parareal solver completed in 15.963496208190918s
ML lr solver completed in 0.0030889511108398438s
Parareal ML lr solver completed in 22.42765212059021s
ML rf50 solver completed in 0.05617690086364746s
Parareal ML rf50 solver completed in 22.706371068954468s
ML rf250 solver completed in 0.26465797424316406s
Parareal ML rf250 solver completed in 23.993818998336792s
ML rf500 solver completed in 0.5205121040344238s
Parareal ML rf500 solver completed in 25.33247208595276s
ML bt100 solver completed in 0.008269071578979492s
Parareal ML bt100 solver completed in 22.607483863830566s
ML bt250 solver completed in 0.013444900512695312s
Parareal ML bt250 solver completed in 22.607671976089478s
ML bt500 solver completed in 0.022040843963623047s
Parareal ML bt500 solver completed in 22.564674139022827s
ML fnn1 solver completed in 0.018174171447753906s
Parareal ML fnn1 solver completed in 22.46991205215454s
ML fnn3 solver completed in 0.018474817276000977s
Parareal ML fnn3 solver completed in 5.72790789604187s
ML fnn5 solver completed in 0.01994800567626953s
Parareal ML fnn5 solver completed in 5.593626022338867s
Solution round: 3
Fine solver completed in 22.175144910812378s
Coarse solver completed in 4.568481922149658s
Parareal solver completed in 15.913338899612427s
ML lr solver completed in 0.0030400753021240234s
Parareal ML lr solver completed in 22.595566987991333s
ML rf50 solver completed in 0.05524301528930664s
Parareal ML rf50 solver completed in 22.699140071868896s
ML rf250 solver completed in 0.2644839286804199s
Parareal ML rf250 solver completed in 23.829069137573242s
ML rf500 solver completed in 0.675900936126709s
Parareal ML rf500 solver completed in 25.09218192100525s
ML bt100 solver completed in 0.008333921432495117s
Parareal ML bt100 solver completed in 22.49295401573181s
ML bt250 solver completed in 0.013555049896240234s
Parareal ML bt250 solver completed in 22.492346048355103s
ML bt500 solver completed in 0.02196979522705078s
Parareal ML bt500 solver completed in 22.53218388557434s
ML fnn1 solver completed in 0.01824808120727539s
Parareal ML fnn1 solver completed in 22.556584119796753s
ML fnn3 solver completed in 0.018463850021362305s
Parareal ML fnn3 solver completed in 5.585937023162842s
ML fnn5 solver completed in 0.01993107795715332s
Parareal ML fnn5 solver completed in 5.709090948104858s
Trial: 3; seed: 746159945
ML lr training completed in 91.50904297828674s
ML lr train loss: 0.08078215589738269
ML lr test loss: 0.08123075139185579
ML rf50 training completed in 94.79170489311218s
ML rf50 train loss: 0.003845062608873159
ML rf50 test loss: 0.009406724424029532
ML rf250 training completed in 107.84703516960144s
ML rf250 train loss: 0.0036388456484092203
ML rf250 test loss: 0.009611574998171907
ML rf500 training completed in 124.46403002738953s
ML rf500 train loss: 0.0035460651227169995
ML rf500 test loss: 0.009956159277064927
ML bt100 training completed in 96.02574491500854s
ML bt100 train loss: 0.05308019890789584
ML bt100 test loss: 0.05355482384837717
ML bt250 training completed in 102.68628001213074s
ML bt250 train loss: 0.04613362078584701
ML bt250 test loss: 0.04647269739311362
ML bt500 training completed in 113.47281813621521s
ML bt500 train loss: 0.038594330557765934
ML bt500 test loss: 0.039777661453727346
ML fnn1 training completed in 472.3995840549469s
ML fnn1 train loss: 0.0367894158530977
ML fnn1 test loss: 0.03730474501340685
ML fnn3 training completed in 539.6082248687744s
ML fnn3 train loss: 0.010816439655791269
ML fnn3 test loss: 0.01105887169505572
ML fnn5 training completed in 610.080598115921s
ML fnn5 train loss: 0.006405593424541798
ML fnn5 test loss: 0.006727885028766474
Solution round: 0
Fine solver completed in 23.728240966796875s
Coarse solver completed in 4.909024000167847s
Parareal solver completed in 17.00898003578186s
ML lr solver completed in 0.003994941711425781s
Parareal ML lr solver completed in 24.06139302253723s
ML rf50 solver completed in 0.05971693992614746s
Parareal ML rf50 solver completed in 24.150527000427246s
ML rf250 solver completed in 0.28049302101135254s
Parareal ML rf250 solver completed in 25.254733085632324s
ML rf500 solver completed in 0.5526130199432373s
Parareal ML rf500 solver completed in 26.4288170337677s
ML bt100 solver completed in 0.009290933609008789s
Parareal ML bt100 solver completed in 24.11627984046936s
ML bt250 solver completed in 0.014245986938476562s
Parareal ML bt250 solver completed in 24.113696813583374s
ML bt500 solver completed in 0.022677898406982422s
Parareal ML bt500 solver completed in 24.154810905456543s
ML fnn1 solver completed in 0.021075963973999023s
Parareal ML fnn1 solver completed in 24.161064863204956s
ML fnn3 solver completed in 0.02213120460510254s
Parareal ML fnn3 solver completed in 6.019566059112549s
ML fnn5 solver completed in 0.023720979690551758s
Parareal ML fnn5 solver completed in 6.041975975036621s
Solution round: 1
Fine solver completed in 23.86530900001526s
Coarse solver completed in 4.761129140853882s
Parareal solver completed in 17.005833864212036s
ML lr solver completed in 0.003961086273193359s
Parareal ML lr solver completed in 24.027122974395752s
ML rf50 solver completed in 0.04859805107116699s
Parareal ML rf50 solver completed in 24.11180591583252s
ML rf250 solver completed in 0.21571612358093262s
Parareal ML rf250 solver completed in 25.213464975357056s
ML rf500 solver completed in 0.44217896461486816s
Parareal ML rf500 solver completed in 26.365088939666748s
ML bt100 solver completed in 0.00993204116821289s
Parareal ML bt100 solver completed in 24.097191095352173s
ML bt250 solver completed in 0.014088153839111328s
Parareal ML bt250 solver completed in 24.102669954299927s
ML bt500 solver completed in 0.022433042526245117s
Parareal ML bt500 solver completed in 24.142669916152954s
ML fnn1 solver completed in 0.021687030792236328s
Parareal ML fnn1 solver completed in 24.169503927230835s
ML fnn3 solver completed in 0.02222299575805664s
Parareal ML fnn3 solver completed in 6.020665884017944s
ML fnn5 solver completed in 0.024876832962036133s
Parareal ML fnn5 solver completed in 6.049240827560425s
Solution round: 2
Fine solver completed in 23.869618892669678s
Coarse solver completed in 4.763530015945435s
Parareal solver completed in 16.999944925308228s
ML lr solver completed in 0.00395512580871582s
Parareal ML lr solver completed in 24.03897500038147s
ML rf50 solver completed in 0.04858088493347168s
Parareal ML rf50 solver completed in 24.120681047439575s
ML rf250 solver completed in 0.21561408042907715s
Parareal ML rf250 solver completed in 25.206979990005493s
ML rf500 solver completed in 0.4221019744873047s
Parareal ML rf500 solver completed in 26.36163902282715s
ML bt100 solver completed in 0.009344816207885742s
Parareal ML bt100 solver completed in 24.09992504119873s
ML bt250 solver completed in 0.014050006866455078s
Parareal ML bt250 solver completed in 24.081055879592896s
ML bt500 solver completed in 0.022561073303222656s
Parareal ML bt500 solver completed in 24.14106297492981s
ML fnn1 solver completed in 0.021543025970458984s
Parareal ML fnn1 solver completed in 24.16866111755371s
ML fnn3 solver completed in 0.022169113159179688s
Parareal ML fnn3 solver completed in 6.026983976364136s
ML fnn5 solver completed in 0.024007081985473633s
Parareal ML fnn5 solver completed in 6.0525221824646s
Solution round: 3
Fine solver completed in 23.873962879180908s
Coarse solver completed in 4.76258397102356s
Parareal solver completed in 17.00419020652771s
ML lr solver completed in 0.0039250850677490234s
Parareal ML lr solver completed in 24.037183046340942s
ML rf50 solver completed in 0.04979300498962402s
Parareal ML rf50 solver completed in 24.133473873138428s
ML rf250 solver completed in 0.2156519889831543s
Parareal ML rf250 solver completed in 25.201390027999878s
ML rf500 solver completed in 0.4232289791107178s
Parareal ML rf500 solver completed in 26.388975858688354s
ML bt100 solver completed in 0.009268999099731445s
Parareal ML bt100 solver completed in 24.109035968780518s
ML bt250 solver completed in 0.01405191421508789s
Parareal ML bt250 solver completed in 24.107728004455566s
ML bt500 solver completed in 0.022496938705444336s
Parareal ML bt500 solver completed in 24.169060945510864s
ML fnn1 solver completed in 0.020961999893188477s
Parareal ML fnn1 solver completed in 24.170326948165894s
ML fnn3 solver completed in 0.02200007438659668s
Parareal ML fnn3 solver completed in 6.026543140411377s
ML fnn5 solver completed in 0.023979902267456055s
Parareal ML fnn5 solver completed in 6.044832944869995s
Trial: 4; seed: 433636464
ML lr training completed in 98.15568208694458s
ML lr train loss: 0.08089665058177953
ML lr test loss: 0.08059710800164735
ML rf50 training completed in 101.42993807792664s
ML rf50 train loss: 0.00379885924213906
ML rf50 test loss: 0.010177338815961704
ML rf250 training completed in 114.52769708633423s
ML rf250 train loss: 0.003571347282434283
ML rf250 test loss: 0.009835943160708065
ML rf500 training completed in 130.8566870689392s
ML rf500 train loss: 0.0035893863858533514
ML rf500 test loss: 0.009569717434722673
ML bt100 training completed in 102.90904712677002s
ML bt100 train loss: 0.05326373900699686
ML bt100 test loss: 0.052693707344197066
ML bt250 training completed in 109.38489699363708s
ML bt250 train loss: 0.045809948061758636
ML bt250 test loss: 0.04576373236584524
ML bt500 training completed in 120.17204189300537s
ML bt500 train loss: 0.03879220398767192
ML bt500 test loss: 0.03958918293367221
ML fnn1 training completed in 507.7923090457916s
ML fnn1 train loss: 0.03815139626966705
ML fnn1 test loss: 0.0378090606915346
ML fnn3 training completed in 561.135468006134s
ML fnn3 train loss: 0.009022662948547646
ML fnn3 test loss: 0.0093306007201792
ML fnn5 training completed in 628.4116659164429s
ML fnn5 train loss: 0.006568136872776636
ML fnn5 test loss: 0.006720014303027408
Solution round: 0
Fine solver completed in 23.746876001358032s
Coarse solver completed in 4.910496950149536s
Parareal solver completed in 17.025243997573853s
ML lr solver completed in 0.003715991973876953s
Parareal ML lr solver completed in 23.910093069076538s
ML rf50 solver completed in 0.056342124938964844s
Parareal ML rf50 solver completed in 24.31678795814514s
ML rf250 solver completed in 0.2608959674835205s
Parareal ML rf250 solver completed in 25.448923110961914s
ML rf500 solver completed in 0.5134110450744629s
Parareal ML rf500 solver completed in 26.85943913459778s
ML bt100 solver completed in 0.009050130844116211s
Parareal ML bt100 solver completed in 24.095459938049316s
ML bt250 solver completed in 0.014027118682861328s
Parareal ML bt250 solver completed in 24.122539043426514s
ML bt500 solver completed in 0.022607088088989258s
Parareal ML bt500 solver completed in 23.991844177246094s
ML fnn1 solver completed in 0.02089691162109375s
Parareal ML fnn1 solver completed in 24.18911385536194s
ML fnn3 solver completed in 0.021169185638427734s
Parareal ML fnn3 solver completed in 6.019895792007446s
ML fnn5 solver completed in 0.022790908813476562s
Parareal ML fnn5 solver completed in 6.209572076797485s
Solution round: 1
Fine solver completed in 23.704666137695312s
Coarse solver completed in 4.760143995285034s
Parareal solver completed in 17.19574999809265s
ML lr solver completed in 0.0037109851837158203s
Parareal ML lr solver completed in 23.86417818069458s
ML rf50 solver completed in 0.05612921714782715s
Parareal ML rf50 solver completed in 24.32988405227661s
ML rf250 solver completed in 0.2610499858856201s
Parareal ML rf250 solver completed in 25.472787141799927s
ML rf500 solver completed in 0.5168280601501465s
Parareal ML rf500 solver completed in 26.860325813293457s
ML bt100 solver completed in 0.009062051773071289s
Parareal ML bt100 solver completed in 24.082711935043335s
ML bt250 solver completed in 0.013958930969238281s
Parareal ML bt250 solver completed in 24.13696312904358s
ML bt500 solver completed in 0.02259206771850586s
Parareal ML bt500 solver completed in 23.984140872955322s
ML fnn1 solver completed in 0.02098393440246582s
Parareal ML fnn1 solver completed in 24.180532932281494s
ML fnn3 solver completed in 0.02120494842529297s
Parareal ML fnn3 solver completed in 6.0297160148620605s
ML fnn5 solver completed in 0.02283501625061035s
Parareal ML fnn5 solver completed in 6.1974310874938965s
Solution round: 2
Fine solver completed in 23.690584897994995s
Coarse solver completed in 4.759759902954102s
Parareal solver completed in 17.191614151000977s
ML lr solver completed in 0.003712892532348633s
Parareal ML lr solver completed in 23.874179124832153s
ML rf50 solver completed in 0.056179046630859375s
Parareal ML rf50 solver completed in 24.320250034332275s
ML rf250 solver completed in 0.26438307762145996s
Parareal ML rf250 solver completed in 25.45640778541565s
ML rf500 solver completed in 0.5174210071563721s
Parareal ML rf500 solver completed in 26.978288888931274s
ML bt100 solver completed in 0.00906991958618164s
Parareal ML bt100 solver completed in 24.07793617248535s
ML bt250 solver completed in 0.014024019241333008s
Parareal ML bt250 solver completed in 24.143296003341675s
ML bt500 solver completed in 0.022455930709838867s
Parareal ML bt500 solver completed in 23.997770071029663s
ML fnn1 solver completed in 0.02102184295654297s
Parareal ML fnn1 solver completed in 24.184172868728638s
ML fnn3 solver completed in 0.021271944046020508s
Parareal ML fnn3 solver completed in 6.020995855331421s
ML fnn5 solver completed in 0.0227508544921875s
Parareal ML fnn5 solver completed in 6.179349899291992s
Solution round: 3
Fine solver completed in 23.72476100921631s
Coarse solver completed in 4.759690046310425s
Parareal solver completed in 17.185614109039307s
ML lr solver completed in 0.0037059783935546875s
Parareal ML lr solver completed in 23.886187076568604s
ML rf50 solver completed in 0.05649089813232422s
Parareal ML rf50 solver completed in 24.303597927093506s
ML rf250 solver completed in 0.26021695137023926s
Parareal ML rf250 solver completed in 25.457571983337402s
ML rf500 solver completed in 0.5151219367980957s
Parareal ML rf500 solver completed in 26.866533994674683s
ML bt100 solver completed in 0.00904989242553711s
Parareal ML bt100 solver completed in 24.065728902816772s
ML bt250 solver completed in 0.013956069946289062s
Parareal ML bt250 solver completed in 24.135177850723267s
ML bt500 solver completed in 0.022470951080322266s
Parareal ML bt500 solver completed in 23.989848136901855s
ML fnn1 solver completed in 0.021008968353271484s
Parareal ML fnn1 solver completed in 24.1443350315094s
ML fnn3 solver completed in 0.021158933639526367s
Parareal ML fnn3 solver completed in 6.034664869308472s
ML fnn5 solver completed in 0.022704124450683594s
Parareal ML fnn5 solver completed in 6.192119836807251s
Mean fine solving time: 22.792520129680632s; standard deviation: 0.8050775335458858s
Mean coarse solving time: 4.613383412361145s; standard deviation: 0.1645891535607326s
Mean Parareal solving time: 16.372262561321257s; standard deviation: 0.5818596270933032s
Mean coarse ML solving times: [0.0034003  0.05518451 0.25750819 0.51779671 0.0087059  0.01360258
 0.02191035 0.01943146 0.01985101 0.02140102]; standard deviations: [0.00038643 0.00280584 0.01827196 0.05094262 0.00048968 0.00040398
 0.00063593 0.00141985 0.00152776 0.00175981]
Mean Parareal ML solving times: [23.04953648 23.29166739 24.43228695 25.76507329 23.13442403 23.12294821
 23.15241524 23.18261812  5.79265655  5.82956645]; standard deviations: [0.75439391 0.76669384 0.74976869 0.73878384 0.78774068 0.81740461
 0.75356589 0.81010947 0.19633464 0.24627866]
Mean coarse ML training times: [ 92.85319257  95.99422841 109.16457343 125.7174212   97.34928398
 103.93310122 114.81278014 468.81564322 535.31800179 602.89752617]; standard deviations: [ 2.67823622  2.72283285  2.7027143   2.58975635  2.7848213   2.73285977
  2.6962895  21.09792091 14.24072711 14.64623526]
Mean train losses: [0.0808232  0.00384328 0.0035675  0.00357208 0.053086   0.04596916
 0.03913537 0.03784332 0.01045421 0.00665946]; standard deviations: [5.06720254e-05 4.69791758e-05 6.48649064e-05 4.30917144e-05
 1.22786118e-04 3.78114056e-04 4.07412225e-04 8.14215757e-04
 1.14052853e-03 6.05818463e-04]
Mean test losses: [0.08097293 0.00951005 0.00962961 0.00958864 0.05342043 0.04647574
 0.03993138 0.03803096 0.01080966 0.00690385]; standard deviations: [0.00021844 0.0003453  0.00028964 0.00020502 0.00037616 0.00063196
 0.00028489 0.00091309 0.00123066 0.00061379]
RMS solution errors compared to the fine operator: [[0.02767523 0.02471624 0.0156311  0.00921489]
 [0.1006352  0.15367639 0.25482195 0.42711843]
 [0.02767523 0.02471572 0.01577701 0.01148558]
 [0.02767523 0.02471556 0.01584268 0.01121139]
 [0.02767523 0.02465561 0.01606187 0.01195233]
 [0.0592203  0.06635865 0.1215786  0.1946005 ]
 [0.04962392 0.05432228 0.09152899 0.13751211]
 [0.04113407 0.04778246 0.07288829 0.10479315]
 [0.053091   0.03624312 0.03928682 0.06347348]
 [0.02902442 0.02610109 0.01815429 0.01698677]
 [0.02814045 0.0248789  0.01629807 0.01320335]]; standard deviations: [[6.93889390e-18 6.93889390e-18 6.93889390e-18 3.46944695e-18]
 [1.13019715e-04 3.23205283e-04 5.70917057e-04 1.04175937e-03]
 [6.39734408e-18 4.13575109e-05 1.74805432e-04 6.66447318e-04]
 [6.93889390e-18 7.99826181e-05 1.29856273e-04 5.94371896e-04]
 [6.93889390e-18 3.35137818e-05 1.81900448e-04 7.56487747e-04]
 [2.11490853e-04 7.65141350e-04 1.57021115e-03 3.49002593e-03]
 [3.52620774e-04 1.53768953e-03 4.23387591e-03 6.01395279e-03]
 [5.67581873e-04 7.89127919e-04 3.40354581e-03 4.50188793e-03]
 [6.89395106e-04 1.19176266e-03 4.10836090e-03 9.45063428e-03]
 [6.51902382e-04 7.84196631e-04 7.48751391e-04 1.23988398e-03]
 [4.51898358e-04 2.25237238e-04 2.53692892e-04 7.58952872e-04]]
Using TensorFlow 2 backend.

Using TensorFlow 2 backend.

Using TensorFlow 2 backend.

